mode: set
github.com/diogo/perplexity-go/internal/ui/config_menu.go:15.33,22.2 3 0
github.com/diogo/perplexity-go/internal/ui/config_menu.go:33.77,34.6 1 0
github.com/diogo/perplexity-go/internal/ui/config_menu.go:34.6,40.30 3 0
github.com/diogo/perplexity-go/internal/ui/config_menu.go:40.30,43.4 2 0
github.com/diogo/perplexity-go/internal/ui/config_menu.go:44.3,58.42 5 0
github.com/diogo/perplexity-go/internal/ui/config_menu.go:58.42,59.33 1 0
github.com/diogo/perplexity-go/internal/ui/config_menu.go:59.33,61.5 1 0
github.com/diogo/perplexity-go/internal/ui/config_menu.go:62.4,62.14 1 0
github.com/diogo/perplexity-go/internal/ui/config_menu.go:65.3,65.19 1 0
github.com/diogo/perplexity-go/internal/ui/config_menu.go:66.15,67.43 1 0
github.com/diogo/perplexity-go/internal/ui/config_menu.go:67.43,69.5 1 0
github.com/diogo/perplexity-go/internal/ui/config_menu.go:70.4,71.14 2 0
github.com/diogo/perplexity-go/internal/ui/config_menu.go:73.16,74.43 1 0
github.com/diogo/perplexity-go/internal/ui/config_menu.go:74.43,76.5 1 0
github.com/diogo/perplexity-go/internal/ui/config_menu.go:78.11,79.58 1 0
github.com/diogo/perplexity-go/internal/ui/config_menu.go:79.58,81.5 1 0
github.com/diogo/perplexity-go/internal/ui/config_menu.go:86.64,88.39 2 1
github.com/diogo/perplexity-go/internal/ui/config_menu.go:88.39,90.3 1 1
github.com/diogo/perplexity-go/internal/ui/config_menu.go:92.2,141.3 1 1
github.com/diogo/perplexity-go/internal/ui/config_menu.go:144.61,145.13 1 0
github.com/diogo/perplexity-go/internal/ui/config_menu.go:146.23,147.24 1 0
github.com/diogo/perplexity-go/internal/ui/config_menu.go:148.22,149.23 1 0
github.com/diogo/perplexity-go/internal/ui/config_menu.go:150.26,151.27 1 0
github.com/diogo/perplexity-go/internal/ui/config_menu.go:152.25,153.26 1 0
github.com/diogo/perplexity-go/internal/ui/config_menu.go:154.19,155.80 1 0
github.com/diogo/perplexity-go/internal/ui/config_menu.go:156.19,157.78 1 0
github.com/diogo/perplexity-go/internal/ui/config_menu.go:158.21,159.57 1 0
github.com/diogo/perplexity-go/internal/ui/config_menu.go:160.22,161.59 1 0
github.com/diogo/perplexity-go/internal/ui/config_menu.go:163.2,163.12 1 0
github.com/diogo/perplexity-go/internal/ui/config_menu.go:166.42,168.43 2 0
github.com/diogo/perplexity-go/internal/ui/config_menu.go:168.43,170.3 1 0
github.com/diogo/perplexity-go/internal/ui/config_menu.go:172.2,183.35 3 0
github.com/diogo/perplexity-go/internal/ui/config_menu.go:183.35,184.32 1 0
github.com/diogo/perplexity-go/internal/ui/config_menu.go:184.32,186.4 1 0
github.com/diogo/perplexity-go/internal/ui/config_menu.go:187.3,187.13 1 0
github.com/diogo/perplexity-go/internal/ui/config_menu.go:190.2,191.12 2 0
github.com/diogo/perplexity-go/internal/ui/config_menu.go:194.41,204.26 3 0
github.com/diogo/perplexity-go/internal/ui/config_menu.go:204.26,207.3 2 0
github.com/diogo/perplexity-go/internal/ui/config_menu.go:209.2,220.35 3 0
github.com/diogo/perplexity-go/internal/ui/config_menu.go:220.35,221.32 1 0
github.com/diogo/perplexity-go/internal/ui/config_menu.go:221.32,223.4 1 0
github.com/diogo/perplexity-go/internal/ui/config_menu.go:224.3,224.13 1 0
github.com/diogo/perplexity-go/internal/ui/config_menu.go:227.2,228.12 2 0
github.com/diogo/perplexity-go/internal/ui/config_menu.go:231.47,232.11 1 1
github.com/diogo/perplexity-go/internal/ui/config_menu.go:233.23,234.27 1 1
github.com/diogo/perplexity-go/internal/ui/config_menu.go:235.22,236.28 1 1
github.com/diogo/perplexity-go/internal/ui/config_menu.go:237.28,238.25 1 1
github.com/diogo/perplexity-go/internal/ui/config_menu.go:239.31,240.34 1 1
github.com/diogo/perplexity-go/internal/ui/config_menu.go:241.26,242.25 1 1
github.com/diogo/perplexity-go/internal/ui/config_menu.go:243.10,244.12 1 1
github.com/diogo/perplexity-go/internal/ui/config_menu.go:248.45,269.39 3 0
github.com/diogo/perplexity-go/internal/ui/config_menu.go:269.39,271.3 1 0
github.com/diogo/perplexity-go/internal/ui/config_menu.go:272.2,285.35 4 0
github.com/diogo/perplexity-go/internal/ui/config_menu.go:285.35,286.32 1 0
github.com/diogo/perplexity-go/internal/ui/config_menu.go:286.32,288.4 1 0
github.com/diogo/perplexity-go/internal/ui/config_menu.go:289.3,289.13 1 0
github.com/diogo/perplexity-go/internal/ui/config_menu.go:292.2,292.26 1 0
github.com/diogo/perplexity-go/internal/ui/config_menu.go:292.26,301.36 2 0
github.com/diogo/perplexity-go/internal/ui/config_menu.go:301.36,302.37 1 0
github.com/diogo/perplexity-go/internal/ui/config_menu.go:302.37,304.8 1 0
github.com/diogo/perplexity-go/internal/ui/config_menu.go:305.7,305.17 1 0
github.com/diogo/perplexity-go/internal/ui/config_menu.go:310.3,310.41 1 0
github.com/diogo/perplexity-go/internal/ui/config_menu.go:310.41,311.33 1 0
github.com/diogo/perplexity-go/internal/ui/config_menu.go:311.33,313.5 1 0
github.com/diogo/perplexity-go/internal/ui/config_menu.go:314.4,314.14 1 0
github.com/diogo/perplexity-go/internal/ui/config_menu.go:316.3,316.35 1 0
github.com/diogo/perplexity-go/internal/ui/config_menu.go:317.8,319.3 1 0
github.com/diogo/perplexity-go/internal/ui/config_menu.go:321.2,321.12 1 0
github.com/diogo/perplexity-go/internal/ui/config_menu.go:324.44,326.39 2 0
github.com/diogo/perplexity-go/internal/ui/config_menu.go:326.39,328.3 1 0
github.com/diogo/perplexity-go/internal/ui/config_menu.go:330.2,332.44 3 0
github.com/diogo/perplexity-go/internal/ui/config_menu.go:332.44,334.3 1 0
github.com/diogo/perplexity-go/internal/ui/config_menu.go:337.2,337.39 1 0
github.com/diogo/perplexity-go/internal/ui/config_menu.go:337.39,339.3 1 0
github.com/diogo/perplexity-go/internal/ui/config_menu.go:341.2,348.37 1 0
github.com/diogo/perplexity-go/internal/ui/config_menu.go:348.37,349.21 1 0
github.com/diogo/perplexity-go/internal/ui/config_menu.go:349.21,351.7 1 0
github.com/diogo/perplexity-go/internal/ui/config_menu.go:352.6,352.16 1 0
github.com/diogo/perplexity-go/internal/ui/config_menu.go:357.2,357.35 1 0
github.com/diogo/perplexity-go/internal/ui/config_menu.go:357.35,358.32 1 0
github.com/diogo/perplexity-go/internal/ui/config_menu.go:358.32,360.4 1 0
github.com/diogo/perplexity-go/internal/ui/config_menu.go:361.3,361.13 1 0
github.com/diogo/perplexity-go/internal/ui/config_menu.go:364.2,365.29 2 0
github.com/diogo/perplexity-go/internal/ui/config_menu.go:365.29,367.3 1 0
github.com/diogo/perplexity-go/internal/ui/config_menu.go:369.2,369.12 1 0
github.com/diogo/perplexity-go/internal/ui/config_menu.go:372.74,387.35 3 0
github.com/diogo/perplexity-go/internal/ui/config_menu.go:387.35,388.32 1 0
github.com/diogo/perplexity-go/internal/ui/config_menu.go:388.32,390.4 1 0
github.com/diogo/perplexity-go/internal/ui/config_menu.go:391.3,391.13 1 0
github.com/diogo/perplexity-go/internal/ui/config_menu.go:394.2,394.12 1 0
github.com/diogo/perplexity-go/internal/ui/config_menu.go:397.52,406.35 2 0
github.com/diogo/perplexity-go/internal/ui/config_menu.go:406.35,407.32 1 0
github.com/diogo/perplexity-go/internal/ui/config_menu.go:407.32,409.4 1 0
github.com/diogo/perplexity-go/internal/ui/config_menu.go:410.3,410.13 1 0
github.com/diogo/perplexity-go/internal/ui/config_menu.go:413.2,413.12 1 0
github.com/diogo/perplexity-go/internal/ui/config_menu.go:416.44,429.35 3 0
github.com/diogo/perplexity-go/internal/ui/config_menu.go:429.35,430.32 1 0
github.com/diogo/perplexity-go/internal/ui/config_menu.go:430.32,432.4 1 0
github.com/diogo/perplexity-go/internal/ui/config_menu.go:433.3,433.13 1 0
github.com/diogo/perplexity-go/internal/ui/config_menu.go:436.2,436.13 1 0
github.com/diogo/perplexity-go/internal/ui/config_menu.go:436.13,444.3 7 0
github.com/diogo/perplexity-go/internal/ui/config_menu.go:446.2,446.12 1 0
github.com/diogo/perplexity-go/internal/ui/renderer.go:79.39,81.2 1 1
github.com/diogo/perplexity-go/internal/ui/renderer.go:84.90,86.16 2 1
github.com/diogo/perplexity-go/internal/ui/renderer.go:86.16,88.3 1 1
github.com/diogo/perplexity-go/internal/ui/renderer.go:92.2,93.31 2 1
github.com/diogo/perplexity-go/internal/ui/renderer.go:93.31,95.3 1 1
github.com/diogo/perplexity-go/internal/ui/renderer.go:97.2,103.16 2 1
github.com/diogo/perplexity-go/internal/ui/renderer.go:103.16,108.3 1 0
github.com/diogo/perplexity-go/internal/ui/renderer.go:110.2,115.8 1 1
github.com/diogo/perplexity-go/internal/ui/renderer.go:119.57,120.23 1 1
github.com/diogo/perplexity-go/internal/ui/renderer.go:120.23,124.3 2 1
github.com/diogo/perplexity-go/internal/ui/renderer.go:126.2,127.16 2 1
github.com/diogo/perplexity-go/internal/ui/renderer.go:127.16,131.3 2 0
github.com/diogo/perplexity-go/internal/ui/renderer.go:133.2,134.12 2 1
github.com/diogo/perplexity-go/internal/ui/renderer.go:138.63,139.23 1 1
github.com/diogo/perplexity-go/internal/ui/renderer.go:139.23,142.3 2 1
github.com/diogo/perplexity-go/internal/ui/renderer.go:145.2,149.16 3 1
github.com/diogo/perplexity-go/internal/ui/renderer.go:149.16,151.3 1 0
github.com/diogo/perplexity-go/internal/ui/renderer.go:153.2,158.12 3 1
github.com/diogo/perplexity-go/internal/ui/renderer.go:162.70,164.21 1 1
github.com/diogo/perplexity-go/internal/ui/renderer.go:164.21,165.59 1 1
github.com/diogo/perplexity-go/internal/ui/renderer.go:165.59,167.4 1 0
github.com/diogo/perplexity-go/internal/ui/renderer.go:170.3,170.31 1 1
github.com/diogo/perplexity-go/internal/ui/renderer.go:170.31,172.4 1 0
github.com/diogo/perplexity-go/internal/ui/renderer.go:173.3,173.13 1 1
github.com/diogo/perplexity-go/internal/ui/renderer.go:177.2,177.36 1 1
github.com/diogo/perplexity-go/internal/ui/renderer.go:177.36,178.33 1 1
github.com/diogo/perplexity-go/internal/ui/renderer.go:178.33,179.77 1 1
github.com/diogo/perplexity-go/internal/ui/renderer.go:179.77,181.5 1 0
github.com/diogo/perplexity-go/internal/ui/renderer.go:184.4,184.46 1 1
github.com/diogo/perplexity-go/internal/ui/renderer.go:184.46,186.5 1 1
github.com/diogo/perplexity-go/internal/ui/renderer.go:190.2,190.12 1 1
github.com/diogo/perplexity-go/internal/ui/renderer.go:194.65,195.25 1 1
github.com/diogo/perplexity-go/internal/ui/renderer.go:195.25,197.3 1 1
github.com/diogo/perplexity-go/internal/ui/renderer.go:199.2,202.33 3 1
github.com/diogo/perplexity-go/internal/ui/renderer.go:202.33,204.18 2 1
github.com/diogo/perplexity-go/internal/ui/renderer.go:204.18,206.4 1 1
github.com/diogo/perplexity-go/internal/ui/renderer.go:208.3,210.42 3 1
github.com/diogo/perplexity-go/internal/ui/renderer.go:210.42,212.4 1 1
github.com/diogo/perplexity-go/internal/ui/renderer.go:217.65,218.23 1 1
github.com/diogo/perplexity-go/internal/ui/renderer.go:218.23,220.3 1 1
github.com/diogo/perplexity-go/internal/ui/renderer.go:223.2,224.29 2 1
github.com/diogo/perplexity-go/internal/ui/renderer.go:224.29,225.56 1 1
github.com/diogo/perplexity-go/internal/ui/renderer.go:225.56,227.4 1 1
github.com/diogo/perplexity-go/internal/ui/renderer.go:230.2,230.31 1 1
github.com/diogo/perplexity-go/internal/ui/renderer.go:230.31,232.3 1 1
github.com/diogo/perplexity-go/internal/ui/renderer.go:234.2,237.37 3 1
github.com/diogo/perplexity-go/internal/ui/renderer.go:237.37,239.18 2 1
github.com/diogo/perplexity-go/internal/ui/renderer.go:239.18,241.4 1 1
github.com/diogo/perplexity-go/internal/ui/renderer.go:242.3,242.18 1 1
github.com/diogo/perplexity-go/internal/ui/renderer.go:242.18,244.4 1 1
github.com/diogo/perplexity-go/internal/ui/renderer.go:246.3,248.38 3 1
github.com/diogo/perplexity-go/internal/ui/renderer.go:248.38,250.4 1 1
github.com/diogo/perplexity-go/internal/ui/renderer.go:255.64,256.23 1 1
github.com/diogo/perplexity-go/internal/ui/renderer.go:256.23,258.3 1 1
github.com/diogo/perplexity-go/internal/ui/renderer.go:258.8,258.29 1 1
github.com/diogo/perplexity-go/internal/ui/renderer.go:258.29,260.3 1 1
github.com/diogo/perplexity-go/internal/ui/renderer.go:264.43,265.17 1 1
github.com/diogo/perplexity-go/internal/ui/renderer.go:265.17,267.3 1 1
github.com/diogo/perplexity-go/internal/ui/renderer.go:267.8,269.3 1 1
github.com/diogo/perplexity-go/internal/ui/renderer.go:273.46,274.17 1 1
github.com/diogo/perplexity-go/internal/ui/renderer.go:274.17,276.3 1 1
github.com/diogo/perplexity-go/internal/ui/renderer.go:276.8,278.3 1 1
github.com/diogo/perplexity-go/internal/ui/renderer.go:282.46,283.17 1 1
github.com/diogo/perplexity-go/internal/ui/renderer.go:283.17,285.3 1 1
github.com/diogo/perplexity-go/internal/ui/renderer.go:285.8,287.3 1 1
github.com/diogo/perplexity-go/internal/ui/renderer.go:291.43,292.17 1 1
github.com/diogo/perplexity-go/internal/ui/renderer.go:292.17,294.3 1 1
github.com/diogo/perplexity-go/internal/ui/renderer.go:294.8,296.3 1 1
github.com/diogo/perplexity-go/internal/ui/renderer.go:300.46,301.17 1 1
github.com/diogo/perplexity-go/internal/ui/renderer.go:301.17,303.3 1 1
github.com/diogo/perplexity-go/internal/ui/renderer.go:303.8,306.3 2 1
github.com/diogo/perplexity-go/internal/ui/renderer.go:310.45,313.2 2 1
github.com/diogo/perplexity-go/internal/ui/renderer.go:316.32,318.2 1 1
github.com/diogo/perplexity-go/internal/ui/renderer.go:321.30,323.2 1 1
github.com/diogo/perplexity-go/internal/ui/renderer.go:327.48,342.23 10 1
github.com/diogo/perplexity-go/internal/ui/renderer.go:342.23,343.29 1 1
github.com/diogo/perplexity-go/internal/ui/renderer.go:343.29,346.4 2 1
github.com/diogo/perplexity-go/internal/ui/renderer.go:349.2,349.29 1 1
github.com/diogo/perplexity-go/internal/ui/renderer.go:349.29,353.41 2 1
github.com/diogo/perplexity-go/internal/ui/renderer.go:353.41,357.12 4 1
github.com/diogo/perplexity-go/internal/ui/renderer.go:361.3,361.18 1 1
github.com/diogo/perplexity-go/internal/ui/renderer.go:361.18,363.12 2 1
github.com/diogo/perplexity-go/internal/ui/renderer.go:367.3,367.24 1 1
github.com/diogo/perplexity-go/internal/ui/renderer.go:367.24,370.12 3 1
github.com/diogo/perplexity-go/internal/ui/renderer.go:374.3,374.38 1 1
github.com/diogo/perplexity-go/internal/ui/renderer.go:374.38,377.12 3 1
github.com/diogo/perplexity-go/internal/ui/renderer.go:381.3,381.37 1 1
github.com/diogo/perplexity-go/internal/ui/renderer.go:381.37,384.12 3 1
github.com/diogo/perplexity-go/internal/ui/renderer.go:388.3,388.36 1 1
github.com/diogo/perplexity-go/internal/ui/renderer.go:388.36,391.12 3 1
github.com/diogo/perplexity-go/internal/ui/renderer.go:395.3,395.29 1 1
github.com/diogo/perplexity-go/internal/ui/renderer.go:395.29,398.4 2 1
github.com/diogo/perplexity-go/internal/ui/renderer.go:398.9,401.4 1 1
github.com/diogo/perplexity-go/internal/ui/renderer.go:405.2,407.35 2 1
