mode: set
github.com/diogo/perplexity-go/pkg/models/request.go:62.55,72.2 1 1
github.com/diogo/perplexity-go/pkg/models/types.go:74.33,75.40 1 1
github.com/diogo/perplexity-go/pkg/models/types.go:75.40,76.17 1 1
github.com/diogo/perplexity-go/pkg/models/types.go:76.17,78.4 1 1
github.com/diogo/perplexity-go/pkg/models/types.go:80.2,80.14 1 1
github.com/diogo/perplexity-go/pkg/models/types.go:84.35,85.41 1 1
github.com/diogo/perplexity-go/pkg/models/types.go:85.41,86.17 1 1
github.com/diogo/perplexity-go/pkg/models/types.go:86.17,88.4 1 1
github.com/diogo/perplexity-go/pkg/models/types.go:90.2,90.14 1 1
github.com/diogo/perplexity-go/pkg/models/types.go:94.31,95.11 1 1
github.com/diogo/perplexity-go/pkg/models/types.go:96.71,97.14 1 1
github.com/diogo/perplexity-go/pkg/models/types.go:99.2,99.14 1 1
github.com/diogo/perplexity-go/internal/history/writer.go:21.46,24.47 2 1
github.com/diogo/perplexity-go/internal/history/writer.go:24.47,26.3 1 0
github.com/diogo/perplexity-go/internal/history/writer.go:28.2,28.33 1 1
github.com/diogo/perplexity-go/internal/history/writer.go:32.58,35.16 2 1
github.com/diogo/perplexity-go/internal/history/writer.go:35.16,37.3 1 0
github.com/diogo/perplexity-go/internal/history/writer.go:38.2,41.30 2 1
github.com/diogo/perplexity-go/internal/history/writer.go:41.30,43.3 1 1
github.com/diogo/perplexity-go/internal/history/writer.go:46.2,47.16 2 1
github.com/diogo/perplexity-go/internal/history/writer.go:47.16,49.3 1 0
github.com/diogo/perplexity-go/internal/history/writer.go:52.2,52.58 1 1
github.com/diogo/perplexity-go/internal/history/writer.go:52.58,54.3 1 0
github.com/diogo/perplexity-go/internal/history/writer.go:56.2,56.12 1 1
github.com/diogo/perplexity-go/internal/history/writer.go:65.37,67.2 1 1
github.com/diogo/perplexity-go/internal/history/writer.go:70.59,72.16 2 1
github.com/diogo/perplexity-go/internal/history/writer.go:72.16,73.25 1 1
github.com/diogo/perplexity-go/internal/history/writer.go:73.25,75.4 1 1
github.com/diogo/perplexity-go/internal/history/writer.go:76.3,76.65 1 0
github.com/diogo/perplexity-go/internal/history/writer.go:78.2,83.21 4 1
github.com/diogo/perplexity-go/internal/history/writer.go:83.21,85.17 2 1
github.com/diogo/perplexity-go/internal/history/writer.go:85.17,86.12 1 0
github.com/diogo/perplexity-go/internal/history/writer.go:89.3,90.62 2 1
github.com/diogo/perplexity-go/internal/history/writer.go:90.62,92.12 1 0
github.com/diogo/perplexity-go/internal/history/writer.go:94.3,94.35 1 1
github.com/diogo/perplexity-go/internal/history/writer.go:97.2,97.38 1 1
github.com/diogo/perplexity-go/internal/history/writer.go:97.38,99.3 1 0
github.com/diogo/perplexity-go/internal/history/writer.go:101.2,101.21 1 1
github.com/diogo/perplexity-go/internal/history/writer.go:105.65,107.16 2 1
github.com/diogo/perplexity-go/internal/history/writer.go:107.16,109.3 1 0
github.com/diogo/perplexity-go/internal/history/writer.go:111.2,111.23 1 1
github.com/diogo/perplexity-go/internal/history/writer.go:111.23,113.3 1 1
github.com/diogo/perplexity-go/internal/history/writer.go:115.2,115.38 1 1
github.com/diogo/perplexity-go/internal/history/writer.go:119.32,122.2 1 1
github.com/diogo/perplexity-go/internal/history/writer.go:125.70,127.16 2 1
github.com/diogo/perplexity-go/internal/history/writer.go:127.16,129.3 1 0
github.com/diogo/perplexity-go/internal/history/writer.go:131.2,132.32 2 1
github.com/diogo/perplexity-go/internal/history/writer.go:132.32,133.45 1 1
github.com/diogo/perplexity-go/internal/history/writer.go:133.45,135.4 1 1
github.com/diogo/perplexity-go/internal/history/writer.go:138.2,138.21 1 1
github.com/diogo/perplexity-go/internal/history/writer.go:142.48,145.2 1 1
github.com/diogo/perplexity-go/internal/history/writer.go:147.31,149.30 2 1
github.com/diogo/perplexity-go/internal/history/writer.go:149.30,151.27 2 1
github.com/diogo/perplexity-go/internal/history/writer.go:151.27,153.4 1 1
github.com/diogo/perplexity-go/internal/history/writer.go:154.3,154.11 1 1
github.com/diogo/perplexity-go/internal/history/writer.go:156.2,156.18 1 1
github.com/diogo/perplexity-go/internal/history/writer.go:159.43,160.43 1 1
github.com/diogo/perplexity-go/internal/history/writer.go:160.43,161.35 1 1
github.com/diogo/perplexity-go/internal/history/writer.go:161.35,163.4 1 1
github.com/diogo/perplexity-go/internal/history/writer.go:165.2,165.14 1 1
github.com/diogo/perplexity-go/internal/config/manager.go:41.37,43.16 2 1
github.com/diogo/perplexity-go/internal/config/manager.go:43.16,45.3 1 0
github.com/diogo/perplexity-go/internal/config/manager.go:47.2,70.15 12 1
github.com/diogo/perplexity-go/internal/config/manager.go:74.33,83.2 8 1
github.com/diogo/perplexity-go/internal/config/manager.go:86.43,88.52 1 1
github.com/diogo/perplexity-go/internal/config/manager.go:88.52,90.3 1 0
github.com/diogo/perplexity-go/internal/config/manager.go:93.2,93.43 1 1
github.com/diogo/perplexity-go/internal/config/manager.go:93.43,94.56 1 0
github.com/diogo/perplexity-go/internal/config/manager.go:94.56,97.4 1 0
github.com/diogo/perplexity-go/internal/config/manager.go:100.2,113.26 10 1
github.com/diogo/perplexity-go/internal/config/manager.go:113.26,116.23 2 0
github.com/diogo/perplexity-go/internal/config/manager.go:116.23,118.4 1 0
github.com/diogo/perplexity-go/internal/config/manager.go:120.2,123.40 2 1
github.com/diogo/perplexity-go/internal/config/manager.go:123.40,125.3 1 0
github.com/diogo/perplexity-go/internal/config/manager.go:127.2,127.17 1 1
github.com/diogo/perplexity-go/internal/config/manager.go:131.43,133.52 1 0
github.com/diogo/perplexity-go/internal/config/manager.go:133.52,135.3 1 0
github.com/diogo/perplexity-go/internal/config/manager.go:137.2,146.39 9 0
github.com/diogo/perplexity-go/internal/config/manager.go:146.39,148.3 1 0
github.com/diogo/perplexity-go/internal/config/manager.go:149.2,151.37 2 0
github.com/diogo/perplexity-go/internal/config/manager.go:155.47,157.70 1 1
github.com/diogo/perplexity-go/internal/config/manager.go:157.70,159.3 1 1
github.com/diogo/perplexity-go/internal/config/manager.go:162.2,162.67 1 1
github.com/diogo/perplexity-go/internal/config/manager.go:162.67,164.3 1 1
github.com/diogo/perplexity-go/internal/config/manager.go:167.2,167.72 1 1
github.com/diogo/perplexity-go/internal/config/manager.go:167.72,169.3 1 1
github.com/diogo/perplexity-go/internal/config/manager.go:172.2,172.39 1 1
github.com/diogo/perplexity-go/internal/config/manager.go:172.39,173.31 1 1
github.com/diogo/perplexity-go/internal/config/manager.go:173.31,175.4 1 1
github.com/diogo/perplexity-go/internal/config/manager.go:178.2,178.12 1 1
github.com/diogo/perplexity-go/internal/config/manager.go:182.41,184.2 1 1
github.com/diogo/perplexity-go/internal/config/manager.go:187.42,189.2 1 1
github.com/diogo/perplexity-go/internal/config/manager.go:192.49,196.24 3 1
github.com/diogo/perplexity-go/internal/config/manager.go:196.24,199.52 3 1
github.com/diogo/perplexity-go/internal/config/manager.go:199.52,202.4 2 1
github.com/diogo/perplexity-go/internal/config/manager.go:205.2,205.23 1 1
github.com/diogo/perplexity-go/internal/config/manager.go:205.23,207.3 1 1
github.com/diogo/perplexity-go/internal/config/manager.go:209.2,209.16 1 1
github.com/diogo/perplexity-go/internal/config/manager.go:215.40,217.2 1 1
github.com/diogo/perplexity-go/internal/config/manager.go:220.57,222.15 2 1
github.com/diogo/perplexity-go/internal/config/manager.go:223.32,224.14 1 1
github.com/diogo/perplexity-go/internal/config/manager.go:225.33,226.15 1 1
github.com/diogo/perplexity-go/internal/config/manager.go:227.10,228.22 1 1
github.com/diogo/perplexity-go/internal/ui/config_menu.go:15.33,22.2 3 0
github.com/diogo/perplexity-go/internal/ui/config_menu.go:33.77,34.6 1 0
github.com/diogo/perplexity-go/internal/ui/config_menu.go:34.6,40.30 3 0
github.com/diogo/perplexity-go/internal/ui/config_menu.go:40.30,43.4 2 0
github.com/diogo/perplexity-go/internal/ui/config_menu.go:44.3,58.42 5 0
github.com/diogo/perplexity-go/internal/ui/config_menu.go:58.42,59.33 1 0
github.com/diogo/perplexity-go/internal/ui/config_menu.go:59.33,61.5 1 0
github.com/diogo/perplexity-go/internal/ui/config_menu.go:62.4,62.14 1 0
github.com/diogo/perplexity-go/internal/ui/config_menu.go:65.3,65.19 1 0
github.com/diogo/perplexity-go/internal/ui/config_menu.go:66.15,67.43 1 0
github.com/diogo/perplexity-go/internal/ui/config_menu.go:67.43,69.5 1 0
github.com/diogo/perplexity-go/internal/ui/config_menu.go:70.4,71.14 2 0
github.com/diogo/perplexity-go/internal/ui/config_menu.go:73.16,74.43 1 0
github.com/diogo/perplexity-go/internal/ui/config_menu.go:74.43,76.5 1 0
github.com/diogo/perplexity-go/internal/ui/config_menu.go:78.11,79.58 1 0
github.com/diogo/perplexity-go/internal/ui/config_menu.go:79.58,81.5 1 0
github.com/diogo/perplexity-go/internal/ui/config_menu.go:86.64,88.39 2 1
github.com/diogo/perplexity-go/internal/ui/config_menu.go:88.39,90.3 1 1
github.com/diogo/perplexity-go/internal/ui/config_menu.go:92.2,141.3 1 1
github.com/diogo/perplexity-go/internal/ui/config_menu.go:144.61,145.13 1 0
github.com/diogo/perplexity-go/internal/ui/config_menu.go:146.23,147.24 1 0
github.com/diogo/perplexity-go/internal/ui/config_menu.go:148.22,149.23 1 0
github.com/diogo/perplexity-go/internal/ui/config_menu.go:150.26,151.27 1 0
github.com/diogo/perplexity-go/internal/ui/config_menu.go:152.25,153.26 1 0
github.com/diogo/perplexity-go/internal/ui/config_menu.go:154.19,155.80 1 0
github.com/diogo/perplexity-go/internal/ui/config_menu.go:156.19,157.78 1 0
github.com/diogo/perplexity-go/internal/ui/config_menu.go:158.21,159.57 1 0
github.com/diogo/perplexity-go/internal/ui/config_menu.go:160.22,161.59 1 0
github.com/diogo/perplexity-go/internal/ui/config_menu.go:163.2,163.12 1 0
github.com/diogo/perplexity-go/internal/ui/config_menu.go:166.42,168.43 2 0
github.com/diogo/perplexity-go/internal/ui/config_menu.go:168.43,170.3 1 0
github.com/diogo/perplexity-go/internal/ui/config_menu.go:172.2,183.35 3 0
github.com/diogo/perplexity-go/internal/ui/config_menu.go:183.35,184.32 1 0
github.com/diogo/perplexity-go/internal/ui/config_menu.go:184.32,186.4 1 0
github.com/diogo/perplexity-go/internal/ui/config_menu.go:187.3,187.13 1 0
github.com/diogo/perplexity-go/internal/ui/config_menu.go:190.2,191.12 2 0
github.com/diogo/perplexity-go/internal/ui/config_menu.go:194.41,204.26 3 0
github.com/diogo/perplexity-go/internal/ui/config_menu.go:204.26,207.3 2 0
github.com/diogo/perplexity-go/internal/ui/config_menu.go:209.2,220.35 3 0
github.com/diogo/perplexity-go/internal/ui/config_menu.go:220.35,221.32 1 0
github.com/diogo/perplexity-go/internal/ui/config_menu.go:221.32,223.4 1 0
github.com/diogo/perplexity-go/internal/ui/config_menu.go:224.3,224.13 1 0
github.com/diogo/perplexity-go/internal/ui/config_menu.go:227.2,228.12 2 0
github.com/diogo/perplexity-go/internal/ui/config_menu.go:231.47,232.11 1 1
github.com/diogo/perplexity-go/internal/ui/config_menu.go:233.23,234.27 1 1
github.com/diogo/perplexity-go/internal/ui/config_menu.go:235.22,236.28 1 1
github.com/diogo/perplexity-go/internal/ui/config_menu.go:237.28,238.25 1 1
github.com/diogo/perplexity-go/internal/ui/config_menu.go:239.31,240.34 1 1
github.com/diogo/perplexity-go/internal/ui/config_menu.go:241.26,242.25 1 1
github.com/diogo/perplexity-go/internal/ui/config_menu.go:243.10,244.12 1 1
github.com/diogo/perplexity-go/internal/ui/config_menu.go:248.45,269.39 3 0
github.com/diogo/perplexity-go/internal/ui/config_menu.go:269.39,271.3 1 0
github.com/diogo/perplexity-go/internal/ui/config_menu.go:272.2,285.35 4 0
github.com/diogo/perplexity-go/internal/ui/config_menu.go:285.35,286.32 1 0
github.com/diogo/perplexity-go/internal/ui/config_menu.go:286.32,288.4 1 0
github.com/diogo/perplexity-go/internal/ui/config_menu.go:289.3,289.13 1 0
github.com/diogo/perplexity-go/internal/ui/config_menu.go:292.2,292.26 1 0
github.com/diogo/perplexity-go/internal/ui/config_menu.go:292.26,301.36 2 0
github.com/diogo/perplexity-go/internal/ui/config_menu.go:301.36,302.37 1 0
github.com/diogo/perplexity-go/internal/ui/config_menu.go:302.37,304.8 1 0
github.com/diogo/perplexity-go/internal/ui/config_menu.go:305.7,305.17 1 0
github.com/diogo/perplexity-go/internal/ui/config_menu.go:310.3,310.41 1 0
github.com/diogo/perplexity-go/internal/ui/config_menu.go:310.41,311.33 1 0
github.com/diogo/perplexity-go/internal/ui/config_menu.go:311.33,313.5 1 0
github.com/diogo/perplexity-go/internal/ui/config_menu.go:314.4,314.14 1 0
github.com/diogo/perplexity-go/internal/ui/config_menu.go:316.3,316.35 1 0
github.com/diogo/perplexity-go/internal/ui/config_menu.go:317.8,319.3 1 0
github.com/diogo/perplexity-go/internal/ui/config_menu.go:321.2,321.12 1 0
github.com/diogo/perplexity-go/internal/ui/config_menu.go:324.44,326.39 2 0
github.com/diogo/perplexity-go/internal/ui/config_menu.go:326.39,328.3 1 0
github.com/diogo/perplexity-go/internal/ui/config_menu.go:330.2,332.44 3 0
github.com/diogo/perplexity-go/internal/ui/config_menu.go:332.44,334.3 1 0
github.com/diogo/perplexity-go/internal/ui/config_menu.go:337.2,337.39 1 0
github.com/diogo/perplexity-go/internal/ui/config_menu.go:337.39,339.3 1 0
github.com/diogo/perplexity-go/internal/ui/config_menu.go:341.2,348.37 1 0
github.com/diogo/perplexity-go/internal/ui/config_menu.go:348.37,349.21 1 0
github.com/diogo/perplexity-go/internal/ui/config_menu.go:349.21,351.7 1 0
github.com/diogo/perplexity-go/internal/ui/config_menu.go:352.6,352.16 1 0
github.com/diogo/perplexity-go/internal/ui/config_menu.go:357.2,357.35 1 0
github.com/diogo/perplexity-go/internal/ui/config_menu.go:357.35,358.32 1 0
github.com/diogo/perplexity-go/internal/ui/config_menu.go:358.32,360.4 1 0
github.com/diogo/perplexity-go/internal/ui/config_menu.go:361.3,361.13 1 0
github.com/diogo/perplexity-go/internal/ui/config_menu.go:364.2,365.29 2 0
github.com/diogo/perplexity-go/internal/ui/config_menu.go:365.29,367.3 1 0
github.com/diogo/perplexity-go/internal/ui/config_menu.go:369.2,369.12 1 0
github.com/diogo/perplexity-go/internal/ui/config_menu.go:372.74,387.35 3 0
github.com/diogo/perplexity-go/internal/ui/config_menu.go:387.35,388.32 1 0
github.com/diogo/perplexity-go/internal/ui/config_menu.go:388.32,390.4 1 0
github.com/diogo/perplexity-go/internal/ui/config_menu.go:391.3,391.13 1 0
github.com/diogo/perplexity-go/internal/ui/config_menu.go:394.2,394.12 1 0
github.com/diogo/perplexity-go/internal/ui/config_menu.go:397.52,406.35 2 0
github.com/diogo/perplexity-go/internal/ui/config_menu.go:406.35,407.32 1 0
github.com/diogo/perplexity-go/internal/ui/config_menu.go:407.32,409.4 1 0
github.com/diogo/perplexity-go/internal/ui/config_menu.go:410.3,410.13 1 0
github.com/diogo/perplexity-go/internal/ui/config_menu.go:413.2,413.12 1 0
github.com/diogo/perplexity-go/internal/ui/config_menu.go:416.44,429.35 3 0
github.com/diogo/perplexity-go/internal/ui/config_menu.go:429.35,430.32 1 0
github.com/diogo/perplexity-go/internal/ui/config_menu.go:430.32,432.4 1 0
github.com/diogo/perplexity-go/internal/ui/config_menu.go:433.3,433.13 1 0
github.com/diogo/perplexity-go/internal/ui/config_menu.go:436.2,436.13 1 0
github.com/diogo/perplexity-go/internal/ui/config_menu.go:436.13,444.3 7 0
github.com/diogo/perplexity-go/internal/ui/config_menu.go:446.2,446.12 1 0
github.com/diogo/perplexity-go/internal/ui/renderer.go:71.39,73.2 1 1
github.com/diogo/perplexity-go/internal/ui/renderer.go:76.90,78.16 2 1
github.com/diogo/perplexity-go/internal/ui/renderer.go:78.16,80.3 1 1
github.com/diogo/perplexity-go/internal/ui/renderer.go:82.2,88.16 2 1
github.com/diogo/perplexity-go/internal/ui/renderer.go:88.16,93.3 1 0
github.com/diogo/perplexity-go/internal/ui/renderer.go:95.2,100.8 1 1
github.com/diogo/perplexity-go/internal/ui/renderer.go:104.57,105.23 1 1
github.com/diogo/perplexity-go/internal/ui/renderer.go:105.23,109.3 2 1
github.com/diogo/perplexity-go/internal/ui/renderer.go:111.2,112.16 2 1
github.com/diogo/perplexity-go/internal/ui/renderer.go:112.16,116.3 2 0
github.com/diogo/perplexity-go/internal/ui/renderer.go:118.2,119.12 2 1
github.com/diogo/perplexity-go/internal/ui/renderer.go:123.63,124.23 1 1
github.com/diogo/perplexity-go/internal/ui/renderer.go:124.23,127.3 2 1
github.com/diogo/perplexity-go/internal/ui/renderer.go:129.2,130.16 2 1
github.com/diogo/perplexity-go/internal/ui/renderer.go:130.16,132.3 1 0
github.com/diogo/perplexity-go/internal/ui/renderer.go:134.2,139.12 3 1
github.com/diogo/perplexity-go/internal/ui/renderer.go:143.70,145.21 1 1
github.com/diogo/perplexity-go/internal/ui/renderer.go:145.21,146.59 1 1
github.com/diogo/perplexity-go/internal/ui/renderer.go:146.59,148.4 1 0
github.com/diogo/perplexity-go/internal/ui/renderer.go:151.3,151.31 1 1
github.com/diogo/perplexity-go/internal/ui/renderer.go:151.31,153.4 1 0
github.com/diogo/perplexity-go/internal/ui/renderer.go:154.3,154.13 1 1
github.com/diogo/perplexity-go/internal/ui/renderer.go:158.2,158.36 1 1
github.com/diogo/perplexity-go/internal/ui/renderer.go:158.36,159.33 1 1
github.com/diogo/perplexity-go/internal/ui/renderer.go:159.33,160.77 1 1
github.com/diogo/perplexity-go/internal/ui/renderer.go:160.77,162.5 1 0
github.com/diogo/perplexity-go/internal/ui/renderer.go:165.4,165.46 1 1
github.com/diogo/perplexity-go/internal/ui/renderer.go:165.46,167.5 1 1
github.com/diogo/perplexity-go/internal/ui/renderer.go:171.2,171.12 1 1
github.com/diogo/perplexity-go/internal/ui/renderer.go:175.65,176.25 1 1
github.com/diogo/perplexity-go/internal/ui/renderer.go:176.25,178.3 1 1
github.com/diogo/perplexity-go/internal/ui/renderer.go:180.2,183.33 3 1
github.com/diogo/perplexity-go/internal/ui/renderer.go:183.33,185.18 2 1
github.com/diogo/perplexity-go/internal/ui/renderer.go:185.18,187.4 1 1
github.com/diogo/perplexity-go/internal/ui/renderer.go:189.3,191.42 3 1
github.com/diogo/perplexity-go/internal/ui/renderer.go:191.42,193.4 1 1
github.com/diogo/perplexity-go/internal/ui/renderer.go:198.65,199.23 1 1
github.com/diogo/perplexity-go/internal/ui/renderer.go:199.23,201.3 1 1
github.com/diogo/perplexity-go/internal/ui/renderer.go:204.2,205.29 2 1
github.com/diogo/perplexity-go/internal/ui/renderer.go:205.29,206.56 1 1
github.com/diogo/perplexity-go/internal/ui/renderer.go:206.56,208.4 1 1
github.com/diogo/perplexity-go/internal/ui/renderer.go:211.2,211.31 1 1
github.com/diogo/perplexity-go/internal/ui/renderer.go:211.31,213.3 1 1
github.com/diogo/perplexity-go/internal/ui/renderer.go:215.2,218.37 3 1
github.com/diogo/perplexity-go/internal/ui/renderer.go:218.37,220.18 2 1
github.com/diogo/perplexity-go/internal/ui/renderer.go:220.18,222.4 1 1
github.com/diogo/perplexity-go/internal/ui/renderer.go:223.3,223.18 1 1
github.com/diogo/perplexity-go/internal/ui/renderer.go:223.18,225.4 1 1
github.com/diogo/perplexity-go/internal/ui/renderer.go:227.3,229.38 3 1
github.com/diogo/perplexity-go/internal/ui/renderer.go:229.38,231.4 1 1
github.com/diogo/perplexity-go/internal/ui/renderer.go:236.64,237.23 1 1
github.com/diogo/perplexity-go/internal/ui/renderer.go:237.23,239.3 1 1
github.com/diogo/perplexity-go/internal/ui/renderer.go:239.8,239.29 1 1
github.com/diogo/perplexity-go/internal/ui/renderer.go:239.29,241.3 1 1
github.com/diogo/perplexity-go/internal/ui/renderer.go:245.43,246.17 1 1
github.com/diogo/perplexity-go/internal/ui/renderer.go:246.17,248.3 1 1
github.com/diogo/perplexity-go/internal/ui/renderer.go:248.8,250.3 1 1
github.com/diogo/perplexity-go/internal/ui/renderer.go:254.46,255.17 1 1
github.com/diogo/perplexity-go/internal/ui/renderer.go:255.17,257.3 1 1
github.com/diogo/perplexity-go/internal/ui/renderer.go:257.8,259.3 1 1
github.com/diogo/perplexity-go/internal/ui/renderer.go:263.46,264.17 1 1
github.com/diogo/perplexity-go/internal/ui/renderer.go:264.17,266.3 1 1
github.com/diogo/perplexity-go/internal/ui/renderer.go:266.8,268.3 1 1
github.com/diogo/perplexity-go/internal/ui/renderer.go:272.43,273.17 1 1
github.com/diogo/perplexity-go/internal/ui/renderer.go:273.17,275.3 1 1
github.com/diogo/perplexity-go/internal/ui/renderer.go:275.8,277.3 1 1
github.com/diogo/perplexity-go/internal/ui/renderer.go:281.46,282.17 1 1
github.com/diogo/perplexity-go/internal/ui/renderer.go:282.17,284.3 1 1
github.com/diogo/perplexity-go/internal/ui/renderer.go:284.8,287.3 2 1
github.com/diogo/perplexity-go/internal/ui/renderer.go:291.45,294.2 2 1
github.com/diogo/perplexity-go/internal/ui/renderer.go:297.32,299.2 1 1
github.com/diogo/perplexity-go/internal/ui/renderer.go:302.30,304.2 1 1
github.com/diogo/perplexity-go/internal/auth/cookies.go:29.63,31.16 2 1
github.com/diogo/perplexity-go/internal/auth/cookies.go:31.16,33.3 1 1
github.com/diogo/perplexity-go/internal/auth/cookies.go:35.2,36.59 2 1
github.com/diogo/perplexity-go/internal/auth/cookies.go:36.59,38.3 1 1
github.com/diogo/perplexity-go/internal/auth/cookies.go:40.2,41.33 2 1
github.com/diogo/perplexity-go/internal/auth/cookies.go:41.33,43.52 1 1
github.com/diogo/perplexity-go/internal/auth/cookies.go:43.52,44.12 1 1
github.com/diogo/perplexity-go/internal/auth/cookies.go:47.3,57.21 2 1
github.com/diogo/perplexity-go/internal/auth/cookies.go:57.21,59.4 1 0
github.com/diogo/perplexity-go/internal/auth/cookies.go:62.3,62.39 1 1
github.com/diogo/perplexity-go/internal/auth/cookies.go:63.17,64.45 1 0
github.com/diogo/perplexity-go/internal/auth/cookies.go:65.14,66.42 1 1
github.com/diogo/perplexity-go/internal/auth/cookies.go:67.15,68.43 1 0
github.com/diogo/perplexity-go/internal/auth/cookies.go:69.11,70.46 1 1
github.com/diogo/perplexity-go/internal/auth/cookies.go:73.3,73.36 1 1
github.com/diogo/perplexity-go/internal/auth/cookies.go:76.2,76.21 1 1
github.com/diogo/perplexity-go/internal/auth/cookies.go:80.67,82.16 2 1
github.com/diogo/perplexity-go/internal/auth/cookies.go:82.16,84.3 1 0
github.com/diogo/perplexity-go/internal/auth/cookies.go:85.2,90.21 4 1
github.com/diogo/perplexity-go/internal/auth/cookies.go:90.21,94.49 2 1
github.com/diogo/perplexity-go/internal/auth/cookies.go:94.49,95.12 1 1
github.com/diogo/perplexity-go/internal/auth/cookies.go:99.3,100.22 2 1
github.com/diogo/perplexity-go/internal/auth/cookies.go:100.22,101.12 1 0
github.com/diogo/perplexity-go/internal/auth/cookies.go:104.3,113.49 7 1
github.com/diogo/perplexity-go/internal/auth/cookies.go:113.49,114.12 1 1
github.com/diogo/perplexity-go/internal/auth/cookies.go:117.3,126.24 2 1
github.com/diogo/perplexity-go/internal/auth/cookies.go:126.24,129.15 3 1
github.com/diogo/perplexity-go/internal/auth/cookies.go:129.15,131.5 1 1
github.com/diogo/perplexity-go/internal/auth/cookies.go:134.3,134.36 1 1
github.com/diogo/perplexity-go/internal/auth/cookies.go:137.2,137.38 1 1
github.com/diogo/perplexity-go/internal/auth/cookies.go:137.38,139.3 1 0
github.com/diogo/perplexity-go/internal/auth/cookies.go:141.2,141.21 1 1
github.com/diogo/perplexity-go/internal/auth/cookies.go:145.45,147.16 2 1
github.com/diogo/perplexity-go/internal/auth/cookies.go:147.16,149.3 1 0
github.com/diogo/perplexity-go/internal/auth/cookies.go:150.2,150.68 1 1
github.com/diogo/perplexity-go/internal/auth/cookies.go:154.67,157.47 2 1
github.com/diogo/perplexity-go/internal/auth/cookies.go:157.47,159.3 1 0
github.com/diogo/perplexity-go/internal/auth/cookies.go:161.2,162.28 2 1
github.com/diogo/perplexity-go/internal/auth/cookies.go:162.28,172.26 2 1
github.com/diogo/perplexity-go/internal/auth/cookies.go:172.26,174.4 1 0
github.com/diogo/perplexity-go/internal/auth/cookies.go:176.3,176.21 1 1
github.com/diogo/perplexity-go/internal/auth/cookies.go:177.32,178.26 1 0
github.com/diogo/perplexity-go/internal/auth/cookies.go:179.29,180.23 1 1
github.com/diogo/perplexity-go/internal/auth/cookies.go:181.30,182.24 1 0
github.com/diogo/perplexity-go/internal/auth/cookies.go:185.3,185.40 1 1
github.com/diogo/perplexity-go/internal/auth/cookies.go:188.2,189.16 2 1
github.com/diogo/perplexity-go/internal/auth/cookies.go:189.16,191.3 1 0
github.com/diogo/perplexity-go/internal/auth/cookies.go:194.2,194.55 1 1
github.com/diogo/perplexity-go/internal/auth/cookies.go:194.55,196.3 1 0
github.com/diogo/perplexity-go/internal/auth/cookies.go:198.2,198.12 1 1
github.com/diogo/perplexity-go/internal/auth/cookies.go:202.48,203.28 1 1
github.com/diogo/perplexity-go/internal/auth/cookies.go:203.28,204.56 1 1
github.com/diogo/perplexity-go/internal/auth/cookies.go:204.56,206.4 1 1
github.com/diogo/perplexity-go/internal/auth/cookies.go:208.2,208.14 1 1
github.com/diogo/perplexity-go/internal/auth/cookies.go:212.54,213.28 1 1
github.com/diogo/perplexity-go/internal/auth/cookies.go:213.28,214.39 1 1
github.com/diogo/perplexity-go/internal/auth/cookies.go:214.39,217.51 2 1
github.com/diogo/perplexity-go/internal/auth/cookies.go:217.51,219.5 1 1
github.com/diogo/perplexity-go/internal/auth/cookies.go:220.4,220.16 1 1
github.com/diogo/perplexity-go/internal/auth/cookies.go:223.2,223.11 1 1
github.com/diogo/perplexity-go/internal/auth/cookies.go:227.58,229.28 2 1
github.com/diogo/perplexity-go/internal/auth/cookies.go:229.28,231.3 1 1
github.com/diogo/perplexity-go/internal/auth/cookies.go:232.2,232.10 1 1
github.com/diogo/perplexity-go/pkg/client/client.go:39.29,46.2 1 1
github.com/diogo/perplexity-go/pkg/client/client.go:49.39,51.16 2 1
github.com/diogo/perplexity-go/pkg/client/client.go:51.16,53.3 1 0
github.com/diogo/perplexity-go/pkg/client/client.go:55.2,68.26 2 1
github.com/diogo/perplexity-go/pkg/client/client.go:68.26,70.17 2 0
github.com/diogo/perplexity-go/pkg/client/client.go:70.17,72.4 1 0
github.com/diogo/perplexity-go/pkg/client/client.go:73.3,73.29 1 0
github.com/diogo/perplexity-go/pkg/client/client.go:74.8,74.31 1 1
github.com/diogo/perplexity-go/pkg/client/client.go:74.31,76.3 1 0
github.com/diogo/perplexity-go/pkg/client/client.go:78.2,78.20 1 1
github.com/diogo/perplexity-go/pkg/client/client.go:82.60,86.2 3 0
github.com/diogo/perplexity-go/pkg/client/client.go:89.62,93.2 3 0
github.com/diogo/perplexity-go/pkg/client/client.go:96.53,100.2 3 1
github.com/diogo/perplexity-go/pkg/client/client.go:103.46,105.2 1 0
github.com/diogo/perplexity-go/pkg/client/client.go:108.41,110.2 1 1
github.com/diogo/perplexity-go/pkg/client/client.go:113.44,115.2 1 1
github.com/diogo/perplexity-go/pkg/client/client.go:118.45,120.2 1 1
github.com/diogo/perplexity-go/pkg/client/client.go:123.105,125.17 1 0
github.com/diogo/perplexity-go/pkg/client/client.go:125.17,127.3 1 0
github.com/diogo/perplexity-go/pkg/client/client.go:128.2,128.37 1 0
github.com/diogo/perplexity-go/pkg/client/client.go:132.114,135.2 2 0
github.com/diogo/perplexity-go/pkg/client/client.go:138.32,140.2 1 1
github.com/diogo/perplexity-go/pkg/client/client.go:143.54,145.2 1 1
github.com/diogo/perplexity-go/pkg/client/client.go:148.51,150.2 1 1
github.com/diogo/perplexity-go/pkg/client/client.go:153.50,155.2 1 1
github.com/diogo/perplexity-go/pkg/client/client.go:158.61,160.2 1 1
github.com/diogo/perplexity-go/pkg/client/client.go:163.60,164.21 1 1
github.com/diogo/perplexity-go/pkg/client/client.go:164.21,166.3 1 1
github.com/diogo/perplexity-go/pkg/client/client.go:167.2,167.22 1 1
github.com/diogo/perplexity-go/pkg/client/client.go:167.22,169.3 1 1
github.com/diogo/perplexity-go/pkg/client/client.go:170.2,170.25 1 1
github.com/diogo/perplexity-go/pkg/client/client.go:170.25,172.3 1 1
github.com/diogo/perplexity-go/pkg/client/client.go:173.2,173.28 1 1
github.com/diogo/perplexity-go/pkg/client/client.go:173.28,175.3 1 1
github.com/diogo/perplexity-go/pkg/client/http.go:30.43,41.16 4 1
github.com/diogo/perplexity-go/pkg/client/http.go:41.16,43.3 1 0
github.com/diogo/perplexity-go/pkg/client/http.go:45.2,48.8 1 1
github.com/diogo/perplexity-go/pkg/client/http.go:52.57,56.2 3 1
github.com/diogo/perplexity-go/pkg/client/http.go:59.53,63.2 3 1
github.com/diogo/perplexity-go/pkg/client/http.go:66.50,69.2 2 1
github.com/diogo/perplexity-go/pkg/client/http.go:72.49,90.2 2 1
github.com/diogo/perplexity-go/pkg/client/http.go:93.63,95.16 2 0
github.com/diogo/perplexity-go/pkg/client/http.go:95.16,97.3 1 0
github.com/diogo/perplexity-go/pkg/client/http.go:99.2,100.25 2 0
github.com/diogo/perplexity-go/pkg/client/http.go:104.77,106.17 2 0
github.com/diogo/perplexity-go/pkg/client/http.go:106.17,108.3 1 0
github.com/diogo/perplexity-go/pkg/client/http.go:110.2,111.16 2 0
github.com/diogo/perplexity-go/pkg/client/http.go:111.16,113.3 1 0
github.com/diogo/perplexity-go/pkg/client/http.go:115.2,117.17 2 0
github.com/diogo/perplexity-go/pkg/client/http.go:117.17,119.3 1 0
github.com/diogo/perplexity-go/pkg/client/http.go:121.2,121.25 1 0
github.com/diogo/perplexity-go/pkg/client/http.go:125.87,129.16 3 0
github.com/diogo/perplexity-go/pkg/client/http.go:129.16,131.3 1 0
github.com/diogo/perplexity-go/pkg/client/http.go:133.2,135.25 2 0
github.com/diogo/perplexity-go/pkg/client/http.go:139.44,140.40 1 1
github.com/diogo/perplexity-go/pkg/client/http.go:140.40,141.44 1 1
github.com/diogo/perplexity-go/pkg/client/http.go:141.44,144.29 2 1
github.com/diogo/perplexity-go/pkg/client/http.go:144.29,145.18 1 1
github.com/diogo/perplexity-go/pkg/client/http.go:145.18,147.6 1 1
github.com/diogo/perplexity-go/pkg/client/http.go:149.4,149.16 1 1
github.com/diogo/perplexity-go/pkg/client/http.go:152.2,152.11 1 1
github.com/diogo/perplexity-go/pkg/client/http.go:156.36,159.2 1 1
github.com/diogo/perplexity-go/pkg/client/search.go:17.80,26.19 5 1
github.com/diogo/perplexity-go/pkg/client/search.go:27.23,29.22 2 1
github.com/diogo/perplexity-go/pkg/client/search.go:30.42,31.28 1 1
github.com/diogo/perplexity-go/pkg/client/search.go:32.28,34.24 2 1
github.com/diogo/perplexity-go/pkg/client/search.go:35.31,37.27 2 1
github.com/diogo/perplexity-go/pkg/client/search.go:41.2,41.45 1 1
github.com/diogo/perplexity-go/pkg/client/search.go:41.45,44.3 2 1
github.com/diogo/perplexity-go/pkg/client/search.go:47.2,48.33 2 1
github.com/diogo/perplexity-go/pkg/client/search.go:48.33,50.3 1 1
github.com/diogo/perplexity-go/pkg/client/search.go:53.2,73.45 3 1
github.com/diogo/perplexity-go/pkg/client/search.go:73.45,75.3 1 1
github.com/diogo/perplexity-go/pkg/client/search.go:75.8,75.33 1 1
github.com/diogo/perplexity-go/pkg/client/search.go:75.33,78.3 1 1
github.com/diogo/perplexity-go/pkg/client/search.go:81.2,81.26 1 1
github.com/diogo/perplexity-go/pkg/client/search.go:81.26,84.3 2 1
github.com/diogo/perplexity-go/pkg/client/search.go:86.2,86.26 1 1
github.com/diogo/perplexity-go/pkg/client/search.go:90.114,94.16 3 0
github.com/diogo/perplexity-go/pkg/client/search.go:94.16,96.3 1 0
github.com/diogo/perplexity-go/pkg/client/search.go:99.2,99.24 1 0
github.com/diogo/perplexity-go/pkg/client/search.go:99.24,100.25 1 0
github.com/diogo/perplexity-go/pkg/client/search.go:100.25,102.4 1 0
github.com/diogo/perplexity-go/pkg/client/search.go:103.3,103.33 1 0
github.com/diogo/perplexity-go/pkg/client/search.go:107.2,110.31 3 0
github.com/diogo/perplexity-go/pkg/client/search.go:110.31,111.23 1 0
github.com/diogo/perplexity-go/pkg/client/search.go:111.23,113.4 1 0
github.com/diogo/perplexity-go/pkg/client/search.go:114.3,114.24 1 0
github.com/diogo/perplexity-go/pkg/client/search.go:114.24,116.4 1 0
github.com/diogo/perplexity-go/pkg/client/search.go:117.3,117.30 1 0
github.com/diogo/perplexity-go/pkg/client/search.go:117.30,119.4 1 0
github.com/diogo/perplexity-go/pkg/client/search.go:120.3,120.28 1 0
github.com/diogo/perplexity-go/pkg/client/search.go:120.28,122.4 1 0
github.com/diogo/perplexity-go/pkg/client/search.go:124.3,124.32 1 0
github.com/diogo/perplexity-go/pkg/client/search.go:124.32,126.4 1 0
github.com/diogo/perplexity-go/pkg/client/search.go:129.2,130.22 2 0
github.com/diogo/perplexity-go/pkg/client/search.go:134.111,136.2 1 0
github.com/diogo/perplexity-go/pkg/client/search.go:139.121,141.16 2 0
github.com/diogo/perplexity-go/pkg/client/search.go:141.16,143.3 1 0
github.com/diogo/perplexity-go/pkg/client/search.go:145.2,147.12 2 0
github.com/diogo/perplexity-go/pkg/client/search.go:147.12,151.17 3 0
github.com/diogo/perplexity-go/pkg/client/search.go:151.17,154.4 2 0
github.com/diogo/perplexity-go/pkg/client/search.go:155.3,157.29 2 0
github.com/diogo/perplexity-go/pkg/client/search.go:157.29,161.4 3 0
github.com/diogo/perplexity-go/pkg/client/search.go:164.3,164.39 1 0
github.com/diogo/perplexity-go/pkg/client/search.go:167.2,167.16 1 0
github.com/diogo/perplexity-go/pkg/client/search.go:171.100,178.85 4 0
github.com/diogo/perplexity-go/pkg/client/search.go:178.85,179.30 1 0
github.com/diogo/perplexity-go/pkg/client/search.go:179.30,181.4 1 0
github.com/diogo/perplexity-go/pkg/client/search.go:184.3,184.57 1 0
github.com/diogo/perplexity-go/pkg/client/search.go:184.57,186.4 1 0
github.com/diogo/perplexity-go/pkg/client/search.go:189.3,189.53 1 0
github.com/diogo/perplexity-go/pkg/client/search.go:189.53,191.4 1 0
github.com/diogo/perplexity-go/pkg/client/search.go:193.3,193.12 1 0
github.com/diogo/perplexity-go/pkg/client/search.go:193.12,195.4 1 0
github.com/diogo/perplexity-go/pkg/client/search.go:197.3,197.21 1 0
github.com/diogo/perplexity-go/pkg/client/search.go:200.2,200.21 1 0
github.com/diogo/perplexity-go/pkg/client/search.go:200.21,201.10 1 0
github.com/diogo/perplexity-go/pkg/client/search.go:202.21,204.10 2 0
github.com/diogo/perplexity-go/pkg/client/search.go:205.11,205.11 0 0
github.com/diogo/perplexity-go/pkg/client/search.go:208.3,209.18 2 0
github.com/diogo/perplexity-go/pkg/client/search.go:209.18,210.12 1 0
github.com/diogo/perplexity-go/pkg/client/search.go:214.3,215.84 2 0
github.com/diogo/perplexity-go/pkg/client/search.go:215.84,217.4 1 0
github.com/diogo/perplexity-go/pkg/client/search.go:220.2,220.38 1 0
github.com/diogo/perplexity-go/pkg/client/search.go:220.38,222.3 1 0
github.com/diogo/perplexity-go/pkg/client/search.go:226.65,229.48 2 1
github.com/diogo/perplexity-go/pkg/client/search.go:229.48,232.30 2 0
github.com/diogo/perplexity-go/pkg/client/search.go:232.30,234.41 2 0
github.com/diogo/perplexity-go/pkg/client/search.go:234.41,236.10 2 0
github.com/diogo/perplexity-go/pkg/client/search.go:239.8,239.47 1 1
github.com/diogo/perplexity-go/pkg/client/search.go:239.47,241.3 1 1
github.com/diogo/perplexity-go/pkg/client/search.go:244.2,244.32 1 1
github.com/diogo/perplexity-go/pkg/client/search.go:244.32,246.3 1 1
github.com/diogo/perplexity-go/pkg/client/search.go:249.2,249.53 1 1
github.com/diogo/perplexity-go/pkg/client/search.go:249.53,251.3 1 1
github.com/diogo/perplexity-go/pkg/client/search.go:254.2,254.38 1 1
github.com/diogo/perplexity-go/pkg/client/search.go:254.38,256.3 1 1
github.com/diogo/perplexity-go/pkg/client/search.go:259.2,260.88 2 1
github.com/diogo/perplexity-go/pkg/client/search.go:260.88,262.3 1 0
github.com/diogo/perplexity-go/pkg/client/search.go:265.2,266.61 2 1
github.com/diogo/perplexity-go/pkg/client/search.go:266.61,269.3 1 1
github.com/diogo/perplexity-go/pkg/client/search.go:271.2,274.52 2 1
github.com/diogo/perplexity-go/pkg/client/search.go:274.52,276.3 1 1
github.com/diogo/perplexity-go/pkg/client/search.go:279.2,279.49 1 1
github.com/diogo/perplexity-go/pkg/client/search.go:279.49,282.89 2 1
github.com/diogo/perplexity-go/pkg/client/search.go:282.89,285.63 2 1
github.com/diogo/perplexity-go/pkg/client/search.go:285.63,292.5 6 1
github.com/diogo/perplexity-go/pkg/client/search.go:294.4,295.17 2 0
github.com/diogo/perplexity-go/pkg/client/search.go:299.3,300.67 2 0
github.com/diogo/perplexity-go/pkg/client/search.go:300.67,302.57 1 0
github.com/diogo/perplexity-go/pkg/client/search.go:302.57,304.5 1 0
github.com/diogo/perplexity-go/pkg/client/search.go:305.9,308.4 1 0
github.com/diogo/perplexity-go/pkg/client/search.go:312.2,312.46 1 1
github.com/diogo/perplexity-go/pkg/client/search.go:312.46,314.3 1 1
github.com/diogo/perplexity-go/pkg/client/search.go:317.2,317.62 1 1
github.com/diogo/perplexity-go/pkg/client/search.go:317.62,319.3 1 1
github.com/diogo/perplexity-go/pkg/client/search.go:320.2,320.83 1 1
github.com/diogo/perplexity-go/pkg/client/search.go:320.83,322.3 1 1
github.com/diogo/perplexity-go/pkg/client/search.go:324.2,324.15 1 1
github.com/diogo/perplexity-go/pkg/client/search.go:328.73,331.52 1 1
github.com/diogo/perplexity-go/pkg/client/search.go:331.52,333.3 1 1
github.com/diogo/perplexity-go/pkg/client/search.go:334.2,334.54 1 1
github.com/diogo/perplexity-go/pkg/client/search.go:334.54,336.3 1 0
github.com/diogo/perplexity-go/pkg/client/search.go:337.2,337.56 1 1
github.com/diogo/perplexity-go/pkg/client/search.go:337.56,339.3 1 0
github.com/diogo/perplexity-go/pkg/client/search.go:340.2,343.61 3 1
github.com/diogo/perplexity-go/pkg/client/search.go:343.61,347.41 3 0
github.com/diogo/perplexity-go/pkg/client/search.go:347.41,349.63 2 0
github.com/diogo/perplexity-go/pkg/client/search.go:349.63,351.5 1 0
github.com/diogo/perplexity-go/pkg/client/search.go:352.9,354.4 1 0
github.com/diogo/perplexity-go/pkg/client/search.go:357.2,360.29 2 1
github.com/diogo/perplexity-go/pkg/client/search.go:360.29,361.24 1 1
github.com/diogo/perplexity-go/pkg/client/search.go:362.16,365.11 2 1
github.com/diogo/perplexity-go/pkg/client/search.go:365.11,366.13 1 0
github.com/diogo/perplexity-go/pkg/client/search.go:369.4,370.11 2 1
github.com/diogo/perplexity-go/pkg/client/search.go:370.11,371.13 1 0
github.com/diogo/perplexity-go/pkg/client/search.go:375.4,376.75 2 1
github.com/diogo/perplexity-go/pkg/client/search.go:376.75,379.13 2 0
github.com/diogo/perplexity-go/pkg/client/search.go:383.4,389.44 5 1
github.com/diogo/perplexity-go/pkg/client/search.go:389.44,391.5 1 0
github.com/diogo/perplexity-go/pkg/client/search.go:393.25,396.11 2 1
github.com/diogo/perplexity-go/pkg/client/search.go:396.11,397.13 1 0
github.com/diogo/perplexity-go/pkg/client/search.go:400.4,401.11 2 1
github.com/diogo/perplexity-go/pkg/client/search.go:401.11,402.13 1 0
github.com/diogo/perplexity-go/pkg/client/search.go:405.4,405.40 1 1
github.com/diogo/perplexity-go/pkg/client/search.go:405.40,407.12 2 1
github.com/diogo/perplexity-go/pkg/client/search.go:407.12,408.14 1 0
github.com/diogo/perplexity-go/pkg/client/search.go:411.5,412.47 2 1
github.com/diogo/perplexity-go/pkg/client/search.go:412.47,414.6 1 1
github.com/diogo/perplexity-go/pkg/client/search.go:415.5,415.45 1 1
github.com/diogo/perplexity-go/pkg/client/search.go:415.45,417.6 1 1
github.com/diogo/perplexity-go/pkg/client/search.go:418.5,418.53 1 1
github.com/diogo/perplexity-go/pkg/client/search.go:418.53,420.6 1 1
github.com/diogo/perplexity-go/pkg/client/search.go:421.5,421.49 1 1
github.com/diogo/perplexity-go/pkg/client/search.go:421.49,423.6 1 0
github.com/diogo/perplexity-go/pkg/client/search.go:424.5,424.54 1 1
github.com/diogo/perplexity-go/pkg/client/search.go:426.4,426.38 1 1
github.com/diogo/perplexity-go/pkg/client/search.go:428.24,429.37 1 1
github.com/diogo/perplexity-go/pkg/client/search.go:432.21,433.34 1 0
github.com/diogo/perplexity-go/pkg/client/search.go:438.3,438.22 1 1
github.com/diogo/perplexity-go/pkg/client/search.go:438.22,440.4 1 1
github.com/diogo/perplexity-go/pkg/client/search.go:443.2,443.15 1 1
github.com/diogo/perplexity-go/pkg/client/search.go:447.75,450.27 2 1
github.com/diogo/perplexity-go/pkg/client/search.go:450.27,452.10 2 1
github.com/diogo/perplexity-go/pkg/client/search.go:452.10,453.12 1 0
github.com/diogo/perplexity-go/pkg/client/search.go:456.3,459.69 2 1
github.com/diogo/perplexity-go/pkg/client/search.go:459.69,461.47 2 1
github.com/diogo/perplexity-go/pkg/client/search.go:461.47,463.5 1 1
github.com/diogo/perplexity-go/pkg/client/search.go:465.4,465.56 1 1
github.com/diogo/perplexity-go/pkg/client/search.go:465.56,467.32 2 1
github.com/diogo/perplexity-go/pkg/client/search.go:467.32,468.53 1 1
github.com/diogo/perplexity-go/pkg/client/search.go:468.53,470.44 2 1
github.com/diogo/perplexity-go/pkg/client/search.go:470.44,472.8 1 1
github.com/diogo/perplexity-go/pkg/client/search.go:473.7,473.48 1 1
github.com/diogo/perplexity-go/pkg/client/search.go:473.48,475.8 1 1
github.com/diogo/perplexity-go/pkg/client/search.go:476.7,476.52 1 1
github.com/diogo/perplexity-go/pkg/client/search.go:476.52,478.8 1 0
github.com/diogo/perplexity-go/pkg/client/search.go:479.7,479.73 1 1
github.com/diogo/perplexity-go/pkg/client/search.go:486.3,486.74 1 1
github.com/diogo/perplexity-go/pkg/client/search.go:486.74,488.57 2 1
github.com/diogo/perplexity-go/pkg/client/search.go:488.57,490.31 2 1
github.com/diogo/perplexity-go/pkg/client/search.go:490.31,491.50 1 1
github.com/diogo/perplexity-go/pkg/client/search.go:491.50,493.44 2 1
github.com/diogo/perplexity-go/pkg/client/search.go:493.44,495.8 1 1
github.com/diogo/perplexity-go/pkg/client/search.go:496.7,496.48 1 1
github.com/diogo/perplexity-go/pkg/client/search.go:496.48,498.8 1 1
github.com/diogo/perplexity-go/pkg/client/search.go:499.7,499.52 1 1
github.com/diogo/perplexity-go/pkg/client/search.go:499.52,501.8 1 1
github.com/diogo/perplexity-go/pkg/client/search.go:502.7,502.76 1 1
github.com/diogo/perplexity-go/pkg/client/search.go:508.3,508.30 1 1
github.com/diogo/perplexity-go/pkg/client/search.go:511.2,511.15 1 1
github.com/diogo/perplexity-go/pkg/client/upload.go:19.62,22.16 2 0
github.com/diogo/perplexity-go/pkg/client/upload.go:22.16,24.3 1 0
github.com/diogo/perplexity-go/pkg/client/upload.go:26.2,29.51 3 0
github.com/diogo/perplexity-go/pkg/client/upload.go:33.89,41.16 3 0
github.com/diogo/perplexity-go/pkg/client/upload.go:41.16,43.3 1 0
github.com/diogo/perplexity-go/pkg/client/upload.go:45.2,46.16 2 0
github.com/diogo/perplexity-go/pkg/client/upload.go:46.16,48.3 1 0
github.com/diogo/perplexity-go/pkg/client/upload.go:49.2,51.28 2 0
github.com/diogo/perplexity-go/pkg/client/upload.go:51.28,54.3 2 0
github.com/diogo/perplexity-go/pkg/client/upload.go:56.2,57.71 2 0
github.com/diogo/perplexity-go/pkg/client/upload.go:57.71,59.3 1 0
github.com/diogo/perplexity-go/pkg/client/upload.go:62.2,63.16 2 0
github.com/diogo/perplexity-go/pkg/client/upload.go:63.16,65.3 1 0
github.com/diogo/perplexity-go/pkg/client/upload.go:68.2,70.22 2 0
github.com/diogo/perplexity-go/pkg/client/upload.go:74.121,80.40 3 0
github.com/diogo/perplexity-go/pkg/client/upload.go:80.40,81.55 1 0
github.com/diogo/perplexity-go/pkg/client/upload.go:81.55,83.4 1 0
github.com/diogo/perplexity-go/pkg/client/upload.go:87.2,87.71 1 0
github.com/diogo/perplexity-go/pkg/client/upload.go:87.71,89.3 1 0
github.com/diogo/perplexity-go/pkg/client/upload.go:92.2,93.16 2 0
github.com/diogo/perplexity-go/pkg/client/upload.go:93.16,95.3 1 0
github.com/diogo/perplexity-go/pkg/client/upload.go:97.2,97.44 1 0
github.com/diogo/perplexity-go/pkg/client/upload.go:97.44,99.3 1 0
github.com/diogo/perplexity-go/pkg/client/upload.go:101.2,101.39 1 0
github.com/diogo/perplexity-go/pkg/client/upload.go:101.39,103.3 1 0
github.com/diogo/perplexity-go/pkg/client/upload.go:106.2,107.16 2 0
github.com/diogo/perplexity-go/pkg/client/upload.go:107.16,109.3 1 0
github.com/diogo/perplexity-go/pkg/client/upload.go:111.2,115.16 4 0
github.com/diogo/perplexity-go/pkg/client/upload.go:115.16,117.3 1 0
github.com/diogo/perplexity-go/pkg/client/upload.go:118.2,121.80 2 0
github.com/diogo/perplexity-go/pkg/client/upload.go:121.80,124.3 2 0
github.com/diogo/perplexity-go/pkg/client/upload.go:127.2,128.20 2 0
github.com/diogo/perplexity-go/pkg/client/upload.go:128.20,130.42 1 0
github.com/diogo/perplexity-go/pkg/client/upload.go:130.42,132.4 1 0
github.com/diogo/perplexity-go/pkg/client/upload.go:136.2,136.27 1 0
github.com/diogo/perplexity-go/pkg/client/upload.go:136.27,138.3 1 0
github.com/diogo/perplexity-go/pkg/client/upload.go:140.2,140.22 1 0
github.com/diogo/perplexity-go/pkg/client/upload.go:144.48,146.13 2 1
github.com/diogo/perplexity-go/pkg/client/upload.go:147.23,148.22 1 1
github.com/diogo/perplexity-go/pkg/client/upload.go:149.14,150.21 1 1
github.com/diogo/perplexity-go/pkg/client/upload.go:151.14,152.21 1 1
github.com/diogo/perplexity-go/pkg/client/upload.go:153.15,154.22 1 1
github.com/diogo/perplexity-go/pkg/client/upload.go:155.14,156.27 1 1
github.com/diogo/perplexity-go/pkg/client/upload.go:157.14,158.22 1 1
github.com/diogo/perplexity-go/pkg/client/upload.go:159.13,160.25 1 1
github.com/diogo/perplexity-go/pkg/client/upload.go:161.15,162.28 1 1
github.com/diogo/perplexity-go/pkg/client/upload.go:163.14,164.20 1 1
github.com/diogo/perplexity-go/pkg/client/upload.go:165.14,166.30 1 1
github.com/diogo/perplexity-go/pkg/client/upload.go:167.15,168.83 1 1
github.com/diogo/perplexity-go/pkg/client/upload.go:169.14,170.36 1 1
github.com/diogo/perplexity-go/pkg/client/upload.go:171.15,172.77 1 1
github.com/diogo/perplexity-go/pkg/client/upload.go:173.10,174.36 1 1
github.com/diogo/perplexity-go/pkg/client/upload.go:179.40,181.13 2 1
github.com/diogo/perplexity-go/pkg/client/upload.go:182.64,183.14 1 1
github.com/diogo/perplexity-go/pkg/client/upload.go:185.2,185.14 1 1
github.com/diogo/perplexity-go/pkg/client/upload.go:190.41,194.23 3 1
github.com/diogo/perplexity-go/pkg/client/upload.go:194.23,199.3 4 1
github.com/diogo/perplexity-go/pkg/client/upload.go:200.2,200.12 1 1
github.com/diogo/perplexity-go/cmd/perplexity/config.go:24.54,26.3 1 0
github.com/diogo/perplexity-go/cmd/perplexity/config.go:32.54,35.3 2 0
github.com/diogo/perplexity-go/cmd/perplexity/config.go:38.13,40.2 1 1
github.com/diogo/perplexity-go/cmd/perplexity/cookies.go:30.54,34.56 2 1
github.com/diogo/perplexity-go/cmd/perplexity/cookies.go:34.56,36.4 1 1
github.com/diogo/perplexity-go/cmd/perplexity/cookies.go:39.3,40.17 2 1
github.com/diogo/perplexity-go/cmd/perplexity/cookies.go:40.17,43.18 2 1
github.com/diogo/perplexity-go/cmd/perplexity/cookies.go:43.18,45.5 1 0
github.com/diogo/perplexity-go/cmd/perplexity/cookies.go:48.3,48.24 1 1
github.com/diogo/perplexity-go/cmd/perplexity/cookies.go:48.24,50.4 1 1
github.com/diogo/perplexity-go/cmd/perplexity/cookies.go:53.3,53.73 1 1
github.com/diogo/perplexity-go/cmd/perplexity/cookies.go:53.73,55.4 1 0
github.com/diogo/perplexity-go/cmd/perplexity/cookies.go:57.3,59.34 2 1
github.com/diogo/perplexity-go/cmd/perplexity/cookies.go:59.34,61.4 1 1
github.com/diogo/perplexity-go/cmd/perplexity/cookies.go:63.3,63.13 1 1
github.com/diogo/perplexity-go/cmd/perplexity/cookies.go:70.54,72.27 2 1
github.com/diogo/perplexity-go/cmd/perplexity/cookies.go:72.27,74.4 1 0
github.com/diogo/perplexity-go/cmd/perplexity/cookies.go:77.3,77.56 1 1
github.com/diogo/perplexity-go/cmd/perplexity/cookies.go:77.56,82.4 4 1
github.com/diogo/perplexity-go/cmd/perplexity/cookies.go:85.3,86.17 2 1
github.com/diogo/perplexity-go/cmd/perplexity/cookies.go:86.17,89.4 2 0
github.com/diogo/perplexity-go/cmd/perplexity/cookies.go:91.3,91.24 1 1
github.com/diogo/perplexity-go/cmd/perplexity/cookies.go:91.24,94.4 2 0
github.com/diogo/perplexity-go/cmd/perplexity/cookies.go:97.3,97.33 1 1
github.com/diogo/perplexity-go/cmd/perplexity/cookies.go:97.33,104.30 5 1
github.com/diogo/perplexity-go/cmd/perplexity/cookies.go:104.30,106.5 1 1
github.com/diogo/perplexity-go/cmd/perplexity/cookies.go:107.9,110.4 2 1
github.com/diogo/perplexity-go/cmd/perplexity/cookies.go:112.3,112.13 1 1
github.com/diogo/perplexity-go/cmd/perplexity/cookies.go:119.54,120.51 1 1
github.com/diogo/perplexity-go/cmd/perplexity/cookies.go:120.51,121.26 1 1
github.com/diogo/perplexity-go/cmd/perplexity/cookies.go:121.26,124.5 2 1
github.com/diogo/perplexity-go/cmd/perplexity/cookies.go:125.4,125.58 1 0
github.com/diogo/perplexity-go/cmd/perplexity/cookies.go:128.3,129.13 2 1
github.com/diogo/perplexity-go/cmd/perplexity/cookies.go:136.54,139.3 2 1
github.com/diogo/perplexity-go/cmd/perplexity/cookies.go:142.13,148.2 3 1
github.com/diogo/perplexity-go/cmd/perplexity/history.go:32.54,35.17 3 0
github.com/diogo/perplexity-go/cmd/perplexity/history.go:35.17,37.4 1 0
github.com/diogo/perplexity-go/cmd/perplexity/history.go:39.3,39.24 1 0
github.com/diogo/perplexity-go/cmd/perplexity/history.go:39.24,42.4 2 0
github.com/diogo/perplexity-go/cmd/perplexity/history.go:44.3,45.33 2 0
github.com/diogo/perplexity-go/cmd/perplexity/history.go:45.33,50.4 4 0
github.com/diogo/perplexity-go/cmd/perplexity/history.go:52.3,52.13 1 0
github.com/diogo/perplexity-go/cmd/perplexity/history.go:60.54,62.28 2 0
github.com/diogo/perplexity-go/cmd/perplexity/history.go:62.28,64.4 1 0
github.com/diogo/perplexity-go/cmd/perplexity/history.go:66.3,68.17 3 0
github.com/diogo/perplexity-go/cmd/perplexity/history.go:68.17,70.4 1 0
github.com/diogo/perplexity-go/cmd/perplexity/history.go:72.3,72.25 1 0
github.com/diogo/perplexity-go/cmd/perplexity/history.go:72.25,74.4 1 0
github.com/diogo/perplexity-go/cmd/perplexity/history.go:76.3,82.27 7 0
github.com/diogo/perplexity-go/cmd/perplexity/history.go:82.27,85.4 2 0
github.com/diogo/perplexity-go/cmd/perplexity/history.go:87.3,87.13 1 0
github.com/diogo/perplexity-go/cmd/perplexity/history.go:94.54,96.40 2 0
github.com/diogo/perplexity-go/cmd/perplexity/history.go:96.40,98.4 1 0
github.com/diogo/perplexity-go/cmd/perplexity/history.go:99.3,100.13 2 0
github.com/diogo/perplexity-go/cmd/perplexity/history.go:104.62,110.22 4 0
github.com/diogo/perplexity-go/cmd/perplexity/history.go:110.22,112.3 1 0
github.com/diogo/perplexity-go/cmd/perplexity/history.go:112.8,114.3 1 0
github.com/diogo/perplexity-go/cmd/perplexity/history.go:116.2,116.16 1 0
github.com/diogo/perplexity-go/cmd/perplexity/history.go:116.16,118.3 1 0
github.com/diogo/perplexity-go/cmd/perplexity/history.go:120.2,120.23 1 0
github.com/diogo/perplexity-go/cmd/perplexity/history.go:120.23,123.3 2 0
github.com/diogo/perplexity-go/cmd/perplexity/history.go:125.2,126.28 2 0
github.com/diogo/perplexity-go/cmd/perplexity/history.go:126.28,130.23 4 0
github.com/diogo/perplexity-go/cmd/perplexity/history.go:130.23,132.25 2 0
github.com/diogo/perplexity-go/cmd/perplexity/history.go:132.25,134.5 1 0
github.com/diogo/perplexity-go/cmd/perplexity/history.go:135.4,135.17 1 0
github.com/diogo/perplexity-go/cmd/perplexity/history.go:137.3,137.16 1 0
github.com/diogo/perplexity-go/cmd/perplexity/history.go:140.2,140.12 1 0
github.com/diogo/perplexity-go/cmd/perplexity/history.go:150.62,152.16 2 0
github.com/diogo/perplexity-go/cmd/perplexity/history.go:152.16,154.3 1 0
github.com/diogo/perplexity-go/cmd/perplexity/history.go:156.2,157.28 2 0
github.com/diogo/perplexity-go/cmd/perplexity/history.go:157.28,164.3 1 0
github.com/diogo/perplexity-go/cmd/perplexity/history.go:165.2,165.20 1 0
github.com/diogo/perplexity-go/cmd/perplexity/history.go:168.13,176.2 6 1
github.com/diogo/perplexity-go/cmd/perplexity/main.go:8.13,9.34 1 0
github.com/diogo/perplexity-go/cmd/perplexity/main.go:9.34,11.3 1 0
github.com/diogo/perplexity-go/cmd/perplexity/root.go:66.22,68.2 1 0
github.com/diogo/perplexity-go/cmd/perplexity/root.go:70.13,92.2 17 1
github.com/diogo/perplexity-go/cmd/perplexity/root.go:94.19,99.16 3 0
github.com/diogo/perplexity-go/cmd/perplexity/root.go:99.16,102.3 2 0
github.com/diogo/perplexity-go/cmd/perplexity/root.go:105.2,106.16 2 0
github.com/diogo/perplexity-go/cmd/perplexity/root.go:106.16,109.3 2 0
github.com/diogo/perplexity-go/cmd/perplexity/root.go:112.2,113.16 2 0
github.com/diogo/perplexity-go/cmd/perplexity/root.go:113.16,116.3 2 0
github.com/diogo/perplexity-go/cmd/perplexity/root.go:119.56,125.25 3 1
github.com/diogo/perplexity-go/cmd/perplexity/root.go:125.25,127.17 2 0
github.com/diogo/perplexity-go/cmd/perplexity/root.go:127.17,130.4 2 0
github.com/diogo/perplexity-go/cmd/perplexity/root.go:134.2,134.17 1 1
github.com/diogo/perplexity-go/cmd/perplexity/root.go:134.17,137.17 3 1
github.com/diogo/perplexity-go/cmd/perplexity/root.go:137.17,140.4 2 0
github.com/diogo/perplexity-go/cmd/perplexity/root.go:144.2,144.17 1 1
github.com/diogo/perplexity-go/cmd/perplexity/root.go:144.17,146.3 1 1
github.com/diogo/perplexity-go/cmd/perplexity/root.go:149.2,150.26 2 1
github.com/diogo/perplexity-go/cmd/perplexity/root.go:150.26,152.3 1 0
github.com/diogo/perplexity-go/cmd/perplexity/root.go:155.2,155.55 1 1
github.com/diogo/perplexity-go/cmd/perplexity/root.go:155.55,159.3 3 1
github.com/diogo/perplexity-go/cmd/perplexity/root.go:162.2,163.16 2 0
github.com/diogo/perplexity-go/cmd/perplexity/root.go:163.16,166.3 2 0
github.com/diogo/perplexity-go/cmd/perplexity/root.go:169.2,170.16 2 0
github.com/diogo/perplexity-go/cmd/perplexity/root.go:170.16,173.3 2 0
github.com/diogo/perplexity-go/cmd/perplexity/root.go:174.2,186.12 7 0
github.com/diogo/perplexity-go/cmd/perplexity/root.go:186.12,189.3 2 0
github.com/diogo/perplexity-go/cmd/perplexity/root.go:192.2,193.16 2 0
github.com/diogo/perplexity-go/cmd/perplexity/root.go:193.16,195.3 1 0
github.com/diogo/perplexity-go/cmd/perplexity/root.go:196.2,196.18 1 0
github.com/diogo/perplexity-go/cmd/perplexity/root.go:196.18,198.3 1 0
github.com/diogo/perplexity-go/cmd/perplexity/root.go:199.2,201.17 2 0
github.com/diogo/perplexity-go/cmd/perplexity/root.go:201.17,206.3 4 0
github.com/diogo/perplexity-go/cmd/perplexity/root.go:208.2,210.15 2 0
github.com/diogo/perplexity-go/cmd/perplexity/root.go:210.15,213.17 2 0
github.com/diogo/perplexity-go/cmd/perplexity/root.go:213.17,216.4 2 0
github.com/diogo/perplexity-go/cmd/perplexity/root.go:218.3,220.25 3 0
github.com/diogo/perplexity-go/cmd/perplexity/root.go:220.25,221.26 1 0
github.com/diogo/perplexity-go/cmd/perplexity/root.go:221.26,222.40 1 0
github.com/diogo/perplexity-go/cmd/perplexity/root.go:222.40,225.11 3 0
github.com/diogo/perplexity-go/cmd/perplexity/root.go:228.5,229.23 2 0
github.com/diogo/perplexity-go/cmd/perplexity/root.go:233.4,233.53 1 0
github.com/diogo/perplexity-go/cmd/perplexity/root.go:233.53,235.67 1 0
github.com/diogo/perplexity-go/cmd/perplexity/root.go:235.67,237.6 1 0
github.com/diogo/perplexity-go/cmd/perplexity/root.go:238.5,239.63 2 0
github.com/diogo/perplexity-go/cmd/perplexity/root.go:240.10,240.35 1 0
github.com/diogo/perplexity-go/cmd/perplexity/root.go:240.35,243.26 2 0
github.com/diogo/perplexity-go/cmd/perplexity/root.go:243.26,245.6 1 0
github.com/diogo/perplexity-go/cmd/perplexity/root.go:245.11,245.32 1 0
github.com/diogo/perplexity-go/cmd/perplexity/root.go:245.32,247.6 1 0
github.com/diogo/perplexity-go/cmd/perplexity/root.go:250.3,253.29 2 0
github.com/diogo/perplexity-go/cmd/perplexity/root.go:253.29,254.77 1 0
github.com/diogo/perplexity-go/cmd/perplexity/root.go:254.77,257.5 1 0
github.com/diogo/perplexity-go/cmd/perplexity/root.go:261.3,261.29 1 0
github.com/diogo/perplexity-go/cmd/perplexity/root.go:261.29,263.4 1 0
github.com/diogo/perplexity-go/cmd/perplexity/root.go:265.3,265.39 1 0
github.com/diogo/perplexity-go/cmd/perplexity/root.go:266.8,269.13 2 0
github.com/diogo/perplexity-go/cmd/perplexity/root.go:269.13,271.8 2 0
github.com/diogo/perplexity-go/cmd/perplexity/root.go:271.8,272.12 1 0
github.com/diogo/perplexity-go/cmd/perplexity/root.go:273.17,275.12 2 0
github.com/diogo/perplexity-go/cmd/perplexity/root.go:276.47,278.13 2 0
github.com/diogo/perplexity-go/cmd/perplexity/root.go:283.3,286.17 3 0
github.com/diogo/perplexity-go/cmd/perplexity/root.go:286.17,287.31 1 0
github.com/diogo/perplexity-go/cmd/perplexity/root.go:287.31,290.5 2 0
github.com/diogo/perplexity-go/cmd/perplexity/root.go:291.4,292.14 2 0
github.com/diogo/perplexity-go/cmd/perplexity/root.go:295.3,295.53 1 0
github.com/diogo/perplexity-go/cmd/perplexity/root.go:295.53,298.4 2 0
github.com/diogo/perplexity-go/cmd/perplexity/root.go:299.3,299.27 1 0
github.com/diogo/perplexity-go/cmd/perplexity/root.go:303.2,303.26 1 0
github.com/diogo/perplexity-go/cmd/perplexity/root.go:303.26,304.82 1 0
github.com/diogo/perplexity-go/cmd/perplexity/root.go:304.82,306.4 1 0
github.com/diogo/perplexity-go/cmd/perplexity/root.go:306.9,308.4 1 0
github.com/diogo/perplexity-go/cmd/perplexity/root.go:312.2,312.38 1 0
github.com/diogo/perplexity-go/cmd/perplexity/root.go:312.38,314.17 2 0
github.com/diogo/perplexity-go/cmd/perplexity/root.go:314.17,321.4 1 0
github.com/diogo/perplexity-go/cmd/perplexity/root.go:324.2,324.12 1 0
github.com/diogo/perplexity-go/cmd/perplexity/root.go:327.60,338.21 7 1
github.com/diogo/perplexity-go/cmd/perplexity/root.go:338.21,340.3 1 1
github.com/diogo/perplexity-go/cmd/perplexity/root.go:341.2,341.20 1 1
github.com/diogo/perplexity-go/cmd/perplexity/root.go:341.20,343.3 1 1
github.com/diogo/perplexity-go/cmd/perplexity/root.go:344.2,344.24 1 1
github.com/diogo/perplexity-go/cmd/perplexity/root.go:344.24,346.3 1 1
github.com/diogo/perplexity-go/cmd/perplexity/root.go:347.2,347.23 1 1
github.com/diogo/perplexity-go/cmd/perplexity/root.go:347.23,350.29 3 1
github.com/diogo/perplexity-go/cmd/perplexity/root.go:350.29,352.4 1 1
github.com/diogo/perplexity-go/cmd/perplexity/root.go:354.2,354.19 1 1
github.com/diogo/perplexity-go/cmd/perplexity/root.go:354.19,356.3 1 1
github.com/diogo/perplexity-go/cmd/perplexity/root.go:358.2,358.13 1 1
github.com/diogo/perplexity-go/cmd/perplexity/root.go:361.52,362.22 1 1
github.com/diogo/perplexity-go/cmd/perplexity/root.go:362.22,364.3 1 1
github.com/diogo/perplexity-go/cmd/perplexity/root.go:365.2,365.27 1 1
github.com/diogo/perplexity-go/cmd/perplexity/root.go:370.89,371.19 1 1
github.com/diogo/perplexity-go/cmd/perplexity/root.go:371.19,373.3 1 1
github.com/diogo/perplexity-go/cmd/perplexity/root.go:376.2,376.17 1 1
github.com/diogo/perplexity-go/cmd/perplexity/root.go:376.17,378.17 2 1
github.com/diogo/perplexity-go/cmd/perplexity/root.go:378.17,380.4 1 1
github.com/diogo/perplexity-go/cmd/perplexity/root.go:381.3,381.46 1 1
github.com/diogo/perplexity-go/cmd/perplexity/root.go:384.2,384.16 1 1
github.com/diogo/perplexity-go/cmd/perplexity/root.go:389.52,391.16 2 1
github.com/diogo/perplexity-go/cmd/perplexity/root.go:391.16,393.3 1 1
github.com/diogo/perplexity-go/cmd/perplexity/root.go:394.2,395.19 2 1
github.com/diogo/perplexity-go/cmd/perplexity/root.go:395.19,397.3 1 1
github.com/diogo/perplexity-go/cmd/perplexity/root.go:398.2,398.21 1 1
github.com/diogo/perplexity-go/cmd/perplexity/version.go:20.47,26.3 5 0
