mode: set
github.com/diogo/perplexity-go/internal/ui/config_menu.go:22.77,23.6 1 0
github.com/diogo/perplexity-go/internal/ui/config_menu.go:23.6,29.30 3 0
github.com/diogo/perplexity-go/internal/ui/config_menu.go:29.30,32.4 2 0
github.com/diogo/perplexity-go/internal/ui/config_menu.go:33.3,47.42 5 0
github.com/diogo/perplexity-go/internal/ui/config_menu.go:47.42,48.33 1 0
github.com/diogo/perplexity-go/internal/ui/config_menu.go:48.33,50.5 1 0
github.com/diogo/perplexity-go/internal/ui/config_menu.go:51.4,51.14 1 0
github.com/diogo/perplexity-go/internal/ui/config_menu.go:54.3,54.19 1 0
github.com/diogo/perplexity-go/internal/ui/config_menu.go:55.15,56.43 1 0
github.com/diogo/perplexity-go/internal/ui/config_menu.go:56.43,58.5 1 0
github.com/diogo/perplexity-go/internal/ui/config_menu.go:59.4,60.14 2 0
github.com/diogo/perplexity-go/internal/ui/config_menu.go:62.16,63.43 1 0
github.com/diogo/perplexity-go/internal/ui/config_menu.go:63.43,65.5 1 0
github.com/diogo/perplexity-go/internal/ui/config_menu.go:67.11,68.58 1 0
github.com/diogo/perplexity-go/internal/ui/config_menu.go:68.58,70.5 1 0
github.com/diogo/perplexity-go/internal/ui/config_menu.go:75.64,77.39 2 1
github.com/diogo/perplexity-go/internal/ui/config_menu.go:77.39,79.3 1 1
github.com/diogo/perplexity-go/internal/ui/config_menu.go:81.2,130.3 1 1
github.com/diogo/perplexity-go/internal/ui/config_menu.go:133.61,134.13 1 0
github.com/diogo/perplexity-go/internal/ui/config_menu.go:135.23,136.24 1 0
github.com/diogo/perplexity-go/internal/ui/config_menu.go:137.22,138.23 1 0
github.com/diogo/perplexity-go/internal/ui/config_menu.go:139.26,140.27 1 0
github.com/diogo/perplexity-go/internal/ui/config_menu.go:141.25,142.26 1 0
github.com/diogo/perplexity-go/internal/ui/config_menu.go:143.19,144.80 1 0
github.com/diogo/perplexity-go/internal/ui/config_menu.go:145.19,146.78 1 0
github.com/diogo/perplexity-go/internal/ui/config_menu.go:147.21,148.57 1 0
github.com/diogo/perplexity-go/internal/ui/config_menu.go:149.22,150.59 1 0
github.com/diogo/perplexity-go/internal/ui/config_menu.go:152.2,152.12 1 0
github.com/diogo/perplexity-go/internal/ui/config_menu.go:155.42,157.43 2 0
github.com/diogo/perplexity-go/internal/ui/config_menu.go:157.43,159.3 1 0
github.com/diogo/perplexity-go/internal/ui/config_menu.go:161.2,172.35 3 0
github.com/diogo/perplexity-go/internal/ui/config_menu.go:172.35,173.32 1 0
github.com/diogo/perplexity-go/internal/ui/config_menu.go:173.32,175.4 1 0
github.com/diogo/perplexity-go/internal/ui/config_menu.go:176.3,176.13 1 0
github.com/diogo/perplexity-go/internal/ui/config_menu.go:179.2,180.12 2 0
github.com/diogo/perplexity-go/internal/ui/config_menu.go:183.41,193.26 3 0
github.com/diogo/perplexity-go/internal/ui/config_menu.go:193.26,196.3 2 0
github.com/diogo/perplexity-go/internal/ui/config_menu.go:198.2,209.35 3 0
github.com/diogo/perplexity-go/internal/ui/config_menu.go:209.35,210.32 1 0
github.com/diogo/perplexity-go/internal/ui/config_menu.go:210.32,212.4 1 0
github.com/diogo/perplexity-go/internal/ui/config_menu.go:213.3,213.13 1 0
github.com/diogo/perplexity-go/internal/ui/config_menu.go:216.2,217.12 2 0
github.com/diogo/perplexity-go/internal/ui/config_menu.go:220.47,221.11 1 1
github.com/diogo/perplexity-go/internal/ui/config_menu.go:222.23,223.27 1 1
github.com/diogo/perplexity-go/internal/ui/config_menu.go:224.22,225.28 1 1
github.com/diogo/perplexity-go/internal/ui/config_menu.go:226.28,227.25 1 1
github.com/diogo/perplexity-go/internal/ui/config_menu.go:228.31,229.34 1 1
github.com/diogo/perplexity-go/internal/ui/config_menu.go:230.26,231.25 1 1
github.com/diogo/perplexity-go/internal/ui/config_menu.go:232.10,233.12 1 1
github.com/diogo/perplexity-go/internal/ui/config_menu.go:237.45,258.39 3 0
github.com/diogo/perplexity-go/internal/ui/config_menu.go:258.39,260.3 1 0
github.com/diogo/perplexity-go/internal/ui/config_menu.go:261.2,274.35 4 0
github.com/diogo/perplexity-go/internal/ui/config_menu.go:274.35,275.32 1 0
github.com/diogo/perplexity-go/internal/ui/config_menu.go:275.32,277.4 1 0
github.com/diogo/perplexity-go/internal/ui/config_menu.go:278.3,278.13 1 0
github.com/diogo/perplexity-go/internal/ui/config_menu.go:281.2,281.26 1 0
github.com/diogo/perplexity-go/internal/ui/config_menu.go:281.26,290.36 2 0
github.com/diogo/perplexity-go/internal/ui/config_menu.go:290.36,291.37 1 0
github.com/diogo/perplexity-go/internal/ui/config_menu.go:291.37,293.8 1 0
github.com/diogo/perplexity-go/internal/ui/config_menu.go:294.7,294.17 1 0
github.com/diogo/perplexity-go/internal/ui/config_menu.go:299.3,299.41 1 0
github.com/diogo/perplexity-go/internal/ui/config_menu.go:299.41,300.33 1 0
github.com/diogo/perplexity-go/internal/ui/config_menu.go:300.33,302.5 1 0
github.com/diogo/perplexity-go/internal/ui/config_menu.go:303.4,303.14 1 0
github.com/diogo/perplexity-go/internal/ui/config_menu.go:305.3,305.35 1 0
github.com/diogo/perplexity-go/internal/ui/config_menu.go:306.8,308.3 1 0
github.com/diogo/perplexity-go/internal/ui/config_menu.go:310.2,310.12 1 0
github.com/diogo/perplexity-go/internal/ui/config_menu.go:313.44,315.39 2 0
github.com/diogo/perplexity-go/internal/ui/config_menu.go:315.39,317.3 1 0
github.com/diogo/perplexity-go/internal/ui/config_menu.go:319.2,321.44 3 0
github.com/diogo/perplexity-go/internal/ui/config_menu.go:321.44,323.3 1 0
github.com/diogo/perplexity-go/internal/ui/config_menu.go:326.2,326.39 1 0
github.com/diogo/perplexity-go/internal/ui/config_menu.go:326.39,328.3 1 0
github.com/diogo/perplexity-go/internal/ui/config_menu.go:330.2,337.37 1 0
github.com/diogo/perplexity-go/internal/ui/config_menu.go:337.37,338.21 1 0
github.com/diogo/perplexity-go/internal/ui/config_menu.go:338.21,340.7 1 0
github.com/diogo/perplexity-go/internal/ui/config_menu.go:341.6,341.16 1 0
github.com/diogo/perplexity-go/internal/ui/config_menu.go:346.2,346.35 1 0
github.com/diogo/perplexity-go/internal/ui/config_menu.go:346.35,347.32 1 0
github.com/diogo/perplexity-go/internal/ui/config_menu.go:347.32,349.4 1 0
github.com/diogo/perplexity-go/internal/ui/config_menu.go:350.3,350.13 1 0
github.com/diogo/perplexity-go/internal/ui/config_menu.go:353.2,354.29 2 0
github.com/diogo/perplexity-go/internal/ui/config_menu.go:354.29,356.3 1 0
github.com/diogo/perplexity-go/internal/ui/config_menu.go:358.2,358.12 1 0
github.com/diogo/perplexity-go/internal/ui/config_menu.go:361.74,376.35 3 0
github.com/diogo/perplexity-go/internal/ui/config_menu.go:376.35,377.32 1 0
github.com/diogo/perplexity-go/internal/ui/config_menu.go:377.32,379.4 1 0
github.com/diogo/perplexity-go/internal/ui/config_menu.go:380.3,380.13 1 0
github.com/diogo/perplexity-go/internal/ui/config_menu.go:383.2,383.12 1 0
github.com/diogo/perplexity-go/internal/ui/config_menu.go:386.52,395.35 2 0
github.com/diogo/perplexity-go/internal/ui/config_menu.go:395.35,396.32 1 0
github.com/diogo/perplexity-go/internal/ui/config_menu.go:396.32,398.4 1 0
github.com/diogo/perplexity-go/internal/ui/config_menu.go:399.3,399.13 1 0
github.com/diogo/perplexity-go/internal/ui/config_menu.go:402.2,402.12 1 0
github.com/diogo/perplexity-go/internal/ui/config_menu.go:405.44,418.35 3 0
github.com/diogo/perplexity-go/internal/ui/config_menu.go:418.35,419.32 1 0
github.com/diogo/perplexity-go/internal/ui/config_menu.go:419.32,421.4 1 0
github.com/diogo/perplexity-go/internal/ui/config_menu.go:422.3,422.13 1 0
github.com/diogo/perplexity-go/internal/ui/config_menu.go:425.2,425.13 1 0
github.com/diogo/perplexity-go/internal/ui/config_menu.go:425.13,433.3 7 0
github.com/diogo/perplexity-go/internal/ui/config_menu.go:435.2,435.12 1 0
github.com/diogo/perplexity-go/internal/ui/renderer.go:56.39,58.2 1 1
github.com/diogo/perplexity-go/internal/ui/renderer.go:61.90,63.16 2 1
github.com/diogo/perplexity-go/internal/ui/renderer.go:63.16,65.3 1 1
github.com/diogo/perplexity-go/internal/ui/renderer.go:67.2,72.16 2 1
github.com/diogo/perplexity-go/internal/ui/renderer.go:72.16,77.3 1 0
github.com/diogo/perplexity-go/internal/ui/renderer.go:79.2,84.8 1 1
github.com/diogo/perplexity-go/internal/ui/renderer.go:88.57,89.23 1 1
github.com/diogo/perplexity-go/internal/ui/renderer.go:89.23,93.3 2 0
github.com/diogo/perplexity-go/internal/ui/renderer.go:95.2,96.16 2 1
github.com/diogo/perplexity-go/internal/ui/renderer.go:96.16,100.3 2 0
github.com/diogo/perplexity-go/internal/ui/renderer.go:102.2,103.12 2 1
github.com/diogo/perplexity-go/internal/ui/renderer.go:107.70,109.36 1 1
github.com/diogo/perplexity-go/internal/ui/renderer.go:109.36,110.33 1 1
github.com/diogo/perplexity-go/internal/ui/renderer.go:110.33,111.71 1 1
github.com/diogo/perplexity-go/internal/ui/renderer.go:111.71,113.5 1 0
github.com/diogo/perplexity-go/internal/ui/renderer.go:116.4,116.46 1 1
github.com/diogo/perplexity-go/internal/ui/renderer.go:116.46,118.5 1 1
github.com/diogo/perplexity-go/internal/ui/renderer.go:123.2,123.46 1 1
github.com/diogo/perplexity-go/internal/ui/renderer.go:123.46,125.3 1 1
github.com/diogo/perplexity-go/internal/ui/renderer.go:127.2,127.12 1 1
github.com/diogo/perplexity-go/internal/ui/renderer.go:131.65,132.25 1 1
github.com/diogo/perplexity-go/internal/ui/renderer.go:132.25,134.3 1 1
github.com/diogo/perplexity-go/internal/ui/renderer.go:136.2,139.33 3 1
github.com/diogo/perplexity-go/internal/ui/renderer.go:139.33,141.18 2 1
github.com/diogo/perplexity-go/internal/ui/renderer.go:141.18,143.4 1 1
github.com/diogo/perplexity-go/internal/ui/renderer.go:145.3,147.42 3 1
github.com/diogo/perplexity-go/internal/ui/renderer.go:147.42,149.4 1 1
github.com/diogo/perplexity-go/internal/ui/renderer.go:154.64,155.23 1 1
github.com/diogo/perplexity-go/internal/ui/renderer.go:155.23,157.3 1 1
github.com/diogo/perplexity-go/internal/ui/renderer.go:157.8,157.29 1 1
github.com/diogo/perplexity-go/internal/ui/renderer.go:157.29,159.3 1 1
github.com/diogo/perplexity-go/internal/ui/renderer.go:163.43,164.17 1 1
github.com/diogo/perplexity-go/internal/ui/renderer.go:164.17,166.3 1 1
github.com/diogo/perplexity-go/internal/ui/renderer.go:166.8,168.3 1 1
github.com/diogo/perplexity-go/internal/ui/renderer.go:172.46,173.17 1 1
github.com/diogo/perplexity-go/internal/ui/renderer.go:173.17,175.3 1 1
github.com/diogo/perplexity-go/internal/ui/renderer.go:175.8,177.3 1 1
github.com/diogo/perplexity-go/internal/ui/renderer.go:181.46,182.17 1 1
github.com/diogo/perplexity-go/internal/ui/renderer.go:182.17,184.3 1 1
github.com/diogo/perplexity-go/internal/ui/renderer.go:184.8,186.3 1 1
github.com/diogo/perplexity-go/internal/ui/renderer.go:190.43,191.17 1 1
github.com/diogo/perplexity-go/internal/ui/renderer.go:191.17,193.3 1 1
github.com/diogo/perplexity-go/internal/ui/renderer.go:193.8,195.3 1 1
github.com/diogo/perplexity-go/internal/ui/renderer.go:199.46,200.17 1 1
github.com/diogo/perplexity-go/internal/ui/renderer.go:200.17,202.3 1 1
github.com/diogo/perplexity-go/internal/ui/renderer.go:202.8,205.3 2 1
github.com/diogo/perplexity-go/internal/ui/renderer.go:209.45,212.2 2 1
github.com/diogo/perplexity-go/internal/ui/renderer.go:215.32,217.2 1 1
github.com/diogo/perplexity-go/internal/ui/renderer.go:220.30,222.2 1 1
github.com/diogo/perplexity-go/cmd/perplexity/config.go:24.54,26.3 1 0
github.com/diogo/perplexity-go/cmd/perplexity/config.go:32.54,35.3 2 0
github.com/diogo/perplexity-go/cmd/perplexity/config.go:38.13,40.2 1 1
github.com/diogo/perplexity-go/cmd/perplexity/cookies.go:29.54,33.56 2 1
github.com/diogo/perplexity-go/cmd/perplexity/cookies.go:33.56,35.4 1 1
github.com/diogo/perplexity-go/cmd/perplexity/cookies.go:38.3,39.17 2 1
github.com/diogo/perplexity-go/cmd/perplexity/cookies.go:39.17,42.18 2 1
github.com/diogo/perplexity-go/cmd/perplexity/cookies.go:42.18,44.5 1 0
github.com/diogo/perplexity-go/cmd/perplexity/cookies.go:47.3,47.24 1 1
github.com/diogo/perplexity-go/cmd/perplexity/cookies.go:47.24,49.4 1 1
github.com/diogo/perplexity-go/cmd/perplexity/cookies.go:52.3,52.73 1 1
github.com/diogo/perplexity-go/cmd/perplexity/cookies.go:52.73,54.4 1 0
github.com/diogo/perplexity-go/cmd/perplexity/cookies.go:56.3,58.34 2 1
github.com/diogo/perplexity-go/cmd/perplexity/cookies.go:58.34,60.4 1 1
github.com/diogo/perplexity-go/cmd/perplexity/cookies.go:62.3,62.13 1 1
github.com/diogo/perplexity-go/cmd/perplexity/cookies.go:69.54,71.27 2 1
github.com/diogo/perplexity-go/cmd/perplexity/cookies.go:71.27,73.4 1 0
github.com/diogo/perplexity-go/cmd/perplexity/cookies.go:76.3,76.56 1 1
github.com/diogo/perplexity-go/cmd/perplexity/cookies.go:76.56,81.4 4 1
github.com/diogo/perplexity-go/cmd/perplexity/cookies.go:84.3,85.17 2 1
github.com/diogo/perplexity-go/cmd/perplexity/cookies.go:85.17,88.4 2 0
github.com/diogo/perplexity-go/cmd/perplexity/cookies.go:90.3,90.24 1 1
github.com/diogo/perplexity-go/cmd/perplexity/cookies.go:90.24,93.4 2 0
github.com/diogo/perplexity-go/cmd/perplexity/cookies.go:96.3,96.33 1 1
github.com/diogo/perplexity-go/cmd/perplexity/cookies.go:96.33,103.30 5 1
github.com/diogo/perplexity-go/cmd/perplexity/cookies.go:103.30,105.5 1 1
github.com/diogo/perplexity-go/cmd/perplexity/cookies.go:106.9,109.4 2 1
github.com/diogo/perplexity-go/cmd/perplexity/cookies.go:111.3,111.13 1 1
github.com/diogo/perplexity-go/cmd/perplexity/cookies.go:118.54,119.51 1 1
github.com/diogo/perplexity-go/cmd/perplexity/cookies.go:119.51,120.26 1 1
github.com/diogo/perplexity-go/cmd/perplexity/cookies.go:120.26,123.5 2 1
github.com/diogo/perplexity-go/cmd/perplexity/cookies.go:124.4,124.58 1 0
github.com/diogo/perplexity-go/cmd/perplexity/cookies.go:127.3,128.13 2 1
github.com/diogo/perplexity-go/cmd/perplexity/cookies.go:135.54,138.3 2 1
github.com/diogo/perplexity-go/cmd/perplexity/cookies.go:141.13,146.2 4 1
github.com/diogo/perplexity-go/cmd/perplexity/history.go:32.54,35.17 3 0
github.com/diogo/perplexity-go/cmd/perplexity/history.go:35.17,37.4 1 0
github.com/diogo/perplexity-go/cmd/perplexity/history.go:39.3,39.24 1 0
github.com/diogo/perplexity-go/cmd/perplexity/history.go:39.24,42.4 2 0
github.com/diogo/perplexity-go/cmd/perplexity/history.go:44.3,45.33 2 0
github.com/diogo/perplexity-go/cmd/perplexity/history.go:45.33,50.4 4 0
github.com/diogo/perplexity-go/cmd/perplexity/history.go:52.3,52.13 1 0
github.com/diogo/perplexity-go/cmd/perplexity/history.go:60.54,62.28 2 0
github.com/diogo/perplexity-go/cmd/perplexity/history.go:62.28,64.4 1 0
github.com/diogo/perplexity-go/cmd/perplexity/history.go:66.3,68.17 3 0
github.com/diogo/perplexity-go/cmd/perplexity/history.go:68.17,70.4 1 0
github.com/diogo/perplexity-go/cmd/perplexity/history.go:72.3,72.25 1 0
github.com/diogo/perplexity-go/cmd/perplexity/history.go:72.25,74.4 1 0
github.com/diogo/perplexity-go/cmd/perplexity/history.go:76.3,82.27 7 0
github.com/diogo/perplexity-go/cmd/perplexity/history.go:82.27,85.4 2 0
github.com/diogo/perplexity-go/cmd/perplexity/history.go:87.3,87.13 1 0
github.com/diogo/perplexity-go/cmd/perplexity/history.go:94.54,96.40 2 0
github.com/diogo/perplexity-go/cmd/perplexity/history.go:96.40,98.4 1 0
github.com/diogo/perplexity-go/cmd/perplexity/history.go:99.3,100.13 2 0
github.com/diogo/perplexity-go/cmd/perplexity/history.go:104.62,110.22 4 0
github.com/diogo/perplexity-go/cmd/perplexity/history.go:110.22,112.3 1 0
github.com/diogo/perplexity-go/cmd/perplexity/history.go:112.8,114.3 1 0
github.com/diogo/perplexity-go/cmd/perplexity/history.go:116.2,116.16 1 0
github.com/diogo/perplexity-go/cmd/perplexity/history.go:116.16,118.3 1 0
github.com/diogo/perplexity-go/cmd/perplexity/history.go:120.2,120.23 1 0
github.com/diogo/perplexity-go/cmd/perplexity/history.go:120.23,123.3 2 0
github.com/diogo/perplexity-go/cmd/perplexity/history.go:125.2,126.28 2 0
github.com/diogo/perplexity-go/cmd/perplexity/history.go:126.28,130.23 4 0
github.com/diogo/perplexity-go/cmd/perplexity/history.go:130.23,132.25 2 0
github.com/diogo/perplexity-go/cmd/perplexity/history.go:132.25,134.5 1 0
github.com/diogo/perplexity-go/cmd/perplexity/history.go:135.4,135.17 1 0
github.com/diogo/perplexity-go/cmd/perplexity/history.go:137.3,137.16 1 0
github.com/diogo/perplexity-go/cmd/perplexity/history.go:140.2,140.12 1 0
github.com/diogo/perplexity-go/cmd/perplexity/history.go:150.62,152.16 2 0
github.com/diogo/perplexity-go/cmd/perplexity/history.go:152.16,154.3 1 0
github.com/diogo/perplexity-go/cmd/perplexity/history.go:156.2,157.28 2 0
github.com/diogo/perplexity-go/cmd/perplexity/history.go:157.28,164.3 1 0
github.com/diogo/perplexity-go/cmd/perplexity/history.go:165.2,165.20 1 0
github.com/diogo/perplexity-go/cmd/perplexity/history.go:168.13,176.2 6 1
github.com/diogo/perplexity-go/cmd/perplexity/main.go:8.13,9.34 1 0
github.com/diogo/perplexity-go/cmd/perplexity/main.go:9.34,11.3 1 0
github.com/diogo/perplexity-go/cmd/perplexity/root.go:58.22,60.2 1 0
github.com/diogo/perplexity-go/cmd/perplexity/root.go:62.13,82.2 15 1
github.com/diogo/perplexity-go/cmd/perplexity/root.go:84.19,89.16 3 0
github.com/diogo/perplexity-go/cmd/perplexity/root.go:89.16,92.3 2 0
github.com/diogo/perplexity-go/cmd/perplexity/root.go:95.2,96.16 2 0
github.com/diogo/perplexity-go/cmd/perplexity/root.go:96.16,99.3 2 0
github.com/diogo/perplexity-go/cmd/perplexity/root.go:102.2,103.16 2 0
github.com/diogo/perplexity-go/cmd/perplexity/root.go:103.16,106.3 2 0
github.com/diogo/perplexity-go/cmd/perplexity/root.go:109.56,111.20 1 0
github.com/diogo/perplexity-go/cmd/perplexity/root.go:111.20,113.3 1 0
github.com/diogo/perplexity-go/cmd/perplexity/root.go:115.2,119.26 3 0
github.com/diogo/perplexity-go/cmd/perplexity/root.go:119.26,121.3 1 0
github.com/diogo/perplexity-go/cmd/perplexity/root.go:124.2,124.55 1 0
github.com/diogo/perplexity-go/cmd/perplexity/root.go:124.55,128.3 3 0
github.com/diogo/perplexity-go/cmd/perplexity/root.go:131.2,132.16 2 0
github.com/diogo/perplexity-go/cmd/perplexity/root.go:132.16,135.3 2 0
github.com/diogo/perplexity-go/cmd/perplexity/root.go:138.2,139.16 2 0
github.com/diogo/perplexity-go/cmd/perplexity/root.go:139.16,142.3 2 0
github.com/diogo/perplexity-go/cmd/perplexity/root.go:143.2,155.12 7 0
github.com/diogo/perplexity-go/cmd/perplexity/root.go:155.12,158.3 2 0
github.com/diogo/perplexity-go/cmd/perplexity/root.go:161.2,162.16 2 0
github.com/diogo/perplexity-go/cmd/perplexity/root.go:162.16,164.3 1 0
github.com/diogo/perplexity-go/cmd/perplexity/root.go:165.2,165.18 1 0
github.com/diogo/perplexity-go/cmd/perplexity/root.go:165.18,167.3 1 0
github.com/diogo/perplexity-go/cmd/perplexity/root.go:168.2,170.17 2 0
github.com/diogo/perplexity-go/cmd/perplexity/root.go:170.17,175.3 4 0
github.com/diogo/perplexity-go/cmd/perplexity/root.go:177.2,179.15 2 0
github.com/diogo/perplexity-go/cmd/perplexity/root.go:179.15,182.17 2 0
github.com/diogo/perplexity-go/cmd/perplexity/root.go:182.17,185.4 2 0
github.com/diogo/perplexity-go/cmd/perplexity/root.go:187.3,188.25 2 0
github.com/diogo/perplexity-go/cmd/perplexity/root.go:188.25,189.26 1 0
github.com/diogo/perplexity-go/cmd/perplexity/root.go:189.26,190.40 1 0
github.com/diogo/perplexity-go/cmd/perplexity/root.go:190.40,193.11 3 0
github.com/diogo/perplexity-go/cmd/perplexity/root.go:195.5,196.23 2 0
github.com/diogo/perplexity-go/cmd/perplexity/root.go:199.4,200.25 2 0
github.com/diogo/perplexity-go/cmd/perplexity/root.go:200.25,202.5 1 0
github.com/diogo/perplexity-go/cmd/perplexity/root.go:202.10,202.31 1 0
github.com/diogo/perplexity-go/cmd/perplexity/root.go:202.31,204.5 1 0
github.com/diogo/perplexity-go/cmd/perplexity/root.go:206.3,207.39 2 0
github.com/diogo/perplexity-go/cmd/perplexity/root.go:208.8,211.13 2 0
github.com/diogo/perplexity-go/cmd/perplexity/root.go:211.13,213.8 2 0
github.com/diogo/perplexity-go/cmd/perplexity/root.go:213.8,214.12 1 0
github.com/diogo/perplexity-go/cmd/perplexity/root.go:215.17,217.12 2 0
github.com/diogo/perplexity-go/cmd/perplexity/root.go:218.47,220.13 2 0
github.com/diogo/perplexity-go/cmd/perplexity/root.go:225.3,228.17 3 0
github.com/diogo/perplexity-go/cmd/perplexity/root.go:228.17,229.31 1 0
github.com/diogo/perplexity-go/cmd/perplexity/root.go:229.31,232.5 2 0
github.com/diogo/perplexity-go/cmd/perplexity/root.go:233.4,234.14 2 0
github.com/diogo/perplexity-go/cmd/perplexity/root.go:237.3,237.53 1 0
github.com/diogo/perplexity-go/cmd/perplexity/root.go:237.53,240.4 2 0
github.com/diogo/perplexity-go/cmd/perplexity/root.go:241.3,241.27 1 0
github.com/diogo/perplexity-go/cmd/perplexity/root.go:245.2,245.26 1 0
github.com/diogo/perplexity-go/cmd/perplexity/root.go:245.26,246.82 1 0
github.com/diogo/perplexity-go/cmd/perplexity/root.go:246.82,248.4 1 0
github.com/diogo/perplexity-go/cmd/perplexity/root.go:248.9,250.4 1 0
github.com/diogo/perplexity-go/cmd/perplexity/root.go:254.2,254.38 1 0
github.com/diogo/perplexity-go/cmd/perplexity/root.go:254.38,256.17 2 0
github.com/diogo/perplexity-go/cmd/perplexity/root.go:256.17,263.4 1 0
github.com/diogo/perplexity-go/cmd/perplexity/root.go:266.2,266.12 1 0
github.com/diogo/perplexity-go/cmd/perplexity/root.go:269.60,280.21 7 0
github.com/diogo/perplexity-go/cmd/perplexity/root.go:280.21,282.3 1 0
github.com/diogo/perplexity-go/cmd/perplexity/root.go:283.2,283.20 1 0
github.com/diogo/perplexity-go/cmd/perplexity/root.go:283.20,285.3 1 0
github.com/diogo/perplexity-go/cmd/perplexity/root.go:286.2,286.24 1 0
github.com/diogo/perplexity-go/cmd/perplexity/root.go:286.24,288.3 1 0
github.com/diogo/perplexity-go/cmd/perplexity/root.go:289.2,289.23 1 0
github.com/diogo/perplexity-go/cmd/perplexity/root.go:289.23,292.29 3 0
github.com/diogo/perplexity-go/cmd/perplexity/root.go:292.29,294.4 1 0
github.com/diogo/perplexity-go/cmd/perplexity/root.go:296.2,296.19 1 0
github.com/diogo/perplexity-go/cmd/perplexity/root.go:296.19,298.3 1 0
github.com/diogo/perplexity-go/cmd/perplexity/root.go:300.2,300.13 1 0
github.com/diogo/perplexity-go/cmd/perplexity/root.go:303.52,304.22 1 0
github.com/diogo/perplexity-go/cmd/perplexity/root.go:304.22,306.3 1 0
github.com/diogo/perplexity-go/cmd/perplexity/root.go:307.2,307.27 1 0
github.com/diogo/perplexity-go/cmd/perplexity/version.go:20.47,26.3 5 0
