mode: set
github.com/diogo/perplexity-go/cmd/perplexity/config.go:24.54,26.3 1 0
github.com/diogo/perplexity-go/cmd/perplexity/config.go:32.54,35.3 2 0
github.com/diogo/perplexity-go/cmd/perplexity/config.go:38.13,40.2 1 1
github.com/diogo/perplexity-go/cmd/perplexity/cookies.go:30.54,34.56 2 1
github.com/diogo/perplexity-go/cmd/perplexity/cookies.go:34.56,36.4 1 1
github.com/diogo/perplexity-go/cmd/perplexity/cookies.go:39.3,40.17 2 1
github.com/diogo/perplexity-go/cmd/perplexity/cookies.go:40.17,43.18 2 1
github.com/diogo/perplexity-go/cmd/perplexity/cookies.go:43.18,45.5 1 0
github.com/diogo/perplexity-go/cmd/perplexity/cookies.go:48.3,48.24 1 1
github.com/diogo/perplexity-go/cmd/perplexity/cookies.go:48.24,50.4 1 1
github.com/diogo/perplexity-go/cmd/perplexity/cookies.go:53.3,53.73 1 1
github.com/diogo/perplexity-go/cmd/perplexity/cookies.go:53.73,55.4 1 0
github.com/diogo/perplexity-go/cmd/perplexity/cookies.go:57.3,59.34 2 1
github.com/diogo/perplexity-go/cmd/perplexity/cookies.go:59.34,61.4 1 1
github.com/diogo/perplexity-go/cmd/perplexity/cookies.go:63.3,63.13 1 1
github.com/diogo/perplexity-go/cmd/perplexity/cookies.go:70.54,72.27 2 1
github.com/diogo/perplexity-go/cmd/perplexity/cookies.go:72.27,74.4 1 0
github.com/diogo/perplexity-go/cmd/perplexity/cookies.go:77.3,77.56 1 1
github.com/diogo/perplexity-go/cmd/perplexity/cookies.go:77.56,82.4 4 1
github.com/diogo/perplexity-go/cmd/perplexity/cookies.go:85.3,86.17 2 1
github.com/diogo/perplexity-go/cmd/perplexity/cookies.go:86.17,89.4 2 0
github.com/diogo/perplexity-go/cmd/perplexity/cookies.go:91.3,91.24 1 1
github.com/diogo/perplexity-go/cmd/perplexity/cookies.go:91.24,94.4 2 0
github.com/diogo/perplexity-go/cmd/perplexity/cookies.go:97.3,97.33 1 1
github.com/diogo/perplexity-go/cmd/perplexity/cookies.go:97.33,104.30 5 1
github.com/diogo/perplexity-go/cmd/perplexity/cookies.go:104.30,106.5 1 1
github.com/diogo/perplexity-go/cmd/perplexity/cookies.go:107.9,110.4 2 1
github.com/diogo/perplexity-go/cmd/perplexity/cookies.go:112.3,112.13 1 1
github.com/diogo/perplexity-go/cmd/perplexity/cookies.go:119.54,120.51 1 1
github.com/diogo/perplexity-go/cmd/perplexity/cookies.go:120.51,121.26 1 1
github.com/diogo/perplexity-go/cmd/perplexity/cookies.go:121.26,124.5 2 1
github.com/diogo/perplexity-go/cmd/perplexity/cookies.go:125.4,125.58 1 0
github.com/diogo/perplexity-go/cmd/perplexity/cookies.go:128.3,129.13 2 1
github.com/diogo/perplexity-go/cmd/perplexity/cookies.go:136.54,139.3 2 1
github.com/diogo/perplexity-go/cmd/perplexity/cookies.go:142.13,148.2 3 1
github.com/diogo/perplexity-go/cmd/perplexity/history.go:32.54,35.17 3 0
github.com/diogo/perplexity-go/cmd/perplexity/history.go:35.17,37.4 1 0
github.com/diogo/perplexity-go/cmd/perplexity/history.go:39.3,39.24 1 0
github.com/diogo/perplexity-go/cmd/perplexity/history.go:39.24,42.4 2 0
github.com/diogo/perplexity-go/cmd/perplexity/history.go:44.3,45.33 2 0
github.com/diogo/perplexity-go/cmd/perplexity/history.go:45.33,50.4 4 0
github.com/diogo/perplexity-go/cmd/perplexity/history.go:52.3,52.13 1 0
github.com/diogo/perplexity-go/cmd/perplexity/history.go:60.54,62.28 2 0
github.com/diogo/perplexity-go/cmd/perplexity/history.go:62.28,64.4 1 0
github.com/diogo/perplexity-go/cmd/perplexity/history.go:66.3,68.17 3 0
github.com/diogo/perplexity-go/cmd/perplexity/history.go:68.17,70.4 1 0
github.com/diogo/perplexity-go/cmd/perplexity/history.go:72.3,72.25 1 0
github.com/diogo/perplexity-go/cmd/perplexity/history.go:72.25,74.4 1 0
github.com/diogo/perplexity-go/cmd/perplexity/history.go:76.3,82.27 7 0
github.com/diogo/perplexity-go/cmd/perplexity/history.go:82.27,85.4 2 0
github.com/diogo/perplexity-go/cmd/perplexity/history.go:87.3,87.13 1 0
github.com/diogo/perplexity-go/cmd/perplexity/history.go:94.54,96.40 2 0
github.com/diogo/perplexity-go/cmd/perplexity/history.go:96.40,98.4 1 0
github.com/diogo/perplexity-go/cmd/perplexity/history.go:99.3,100.13 2 0
github.com/diogo/perplexity-go/cmd/perplexity/history.go:104.62,110.22 4 0
github.com/diogo/perplexity-go/cmd/perplexity/history.go:110.22,112.3 1 0
github.com/diogo/perplexity-go/cmd/perplexity/history.go:112.8,114.3 1 0
github.com/diogo/perplexity-go/cmd/perplexity/history.go:116.2,116.16 1 0
github.com/diogo/perplexity-go/cmd/perplexity/history.go:116.16,118.3 1 0
github.com/diogo/perplexity-go/cmd/perplexity/history.go:120.2,120.23 1 0
github.com/diogo/perplexity-go/cmd/perplexity/history.go:120.23,123.3 2 0
github.com/diogo/perplexity-go/cmd/perplexity/history.go:125.2,126.28 2 0
github.com/diogo/perplexity-go/cmd/perplexity/history.go:126.28,130.23 4 0
github.com/diogo/perplexity-go/cmd/perplexity/history.go:130.23,132.25 2 0
github.com/diogo/perplexity-go/cmd/perplexity/history.go:132.25,134.5 1 0
github.com/diogo/perplexity-go/cmd/perplexity/history.go:135.4,135.17 1 0
github.com/diogo/perplexity-go/cmd/perplexity/history.go:137.3,137.16 1 0
github.com/diogo/perplexity-go/cmd/perplexity/history.go:140.2,140.12 1 0
github.com/diogo/perplexity-go/cmd/perplexity/history.go:150.62,152.16 2 0
github.com/diogo/perplexity-go/cmd/perplexity/history.go:152.16,154.3 1 0
github.com/diogo/perplexity-go/cmd/perplexity/history.go:156.2,157.28 2 0
github.com/diogo/perplexity-go/cmd/perplexity/history.go:157.28,164.3 1 0
github.com/diogo/perplexity-go/cmd/perplexity/history.go:165.2,165.20 1 0
github.com/diogo/perplexity-go/cmd/perplexity/history.go:168.13,176.2 6 1
github.com/diogo/perplexity-go/cmd/perplexity/main.go:8.13,9.34 1 0
github.com/diogo/perplexity-go/cmd/perplexity/main.go:9.34,11.3 1 0
github.com/diogo/perplexity-go/cmd/perplexity/root.go:66.22,68.2 1 0
github.com/diogo/perplexity-go/cmd/perplexity/root.go:70.13,92.2 17 1
github.com/diogo/perplexity-go/cmd/perplexity/root.go:94.19,99.16 3 0
github.com/diogo/perplexity-go/cmd/perplexity/root.go:99.16,102.3 2 0
github.com/diogo/perplexity-go/cmd/perplexity/root.go:105.2,106.16 2 0
github.com/diogo/perplexity-go/cmd/perplexity/root.go:106.16,109.3 2 0
github.com/diogo/perplexity-go/cmd/perplexity/root.go:112.2,113.16 2 0
github.com/diogo/perplexity-go/cmd/perplexity/root.go:113.16,116.3 2 0
github.com/diogo/perplexity-go/cmd/perplexity/root.go:119.56,125.25 3 1
github.com/diogo/perplexity-go/cmd/perplexity/root.go:125.25,127.17 2 0
github.com/diogo/perplexity-go/cmd/perplexity/root.go:127.17,130.4 2 0
github.com/diogo/perplexity-go/cmd/perplexity/root.go:134.2,134.17 1 1
github.com/diogo/perplexity-go/cmd/perplexity/root.go:134.17,137.17 3 1
github.com/diogo/perplexity-go/cmd/perplexity/root.go:137.17,140.4 2 0
github.com/diogo/perplexity-go/cmd/perplexity/root.go:144.2,144.17 1 1
github.com/diogo/perplexity-go/cmd/perplexity/root.go:144.17,146.3 1 1
github.com/diogo/perplexity-go/cmd/perplexity/root.go:149.2,150.26 2 1
github.com/diogo/perplexity-go/cmd/perplexity/root.go:150.26,152.3 1 0
github.com/diogo/perplexity-go/cmd/perplexity/root.go:155.2,155.55 1 1
github.com/diogo/perplexity-go/cmd/perplexity/root.go:155.55,159.3 3 1
github.com/diogo/perplexity-go/cmd/perplexity/root.go:162.2,163.16 2 0
github.com/diogo/perplexity-go/cmd/perplexity/root.go:163.16,166.3 2 0
github.com/diogo/perplexity-go/cmd/perplexity/root.go:169.2,170.16 2 0
github.com/diogo/perplexity-go/cmd/perplexity/root.go:170.16,173.3 2 0
github.com/diogo/perplexity-go/cmd/perplexity/root.go:174.2,186.12 7 0
github.com/diogo/perplexity-go/cmd/perplexity/root.go:186.12,189.3 2 0
github.com/diogo/perplexity-go/cmd/perplexity/root.go:192.2,193.16 2 0
github.com/diogo/perplexity-go/cmd/perplexity/root.go:193.16,195.3 1 0
github.com/diogo/perplexity-go/cmd/perplexity/root.go:196.2,196.18 1 0
github.com/diogo/perplexity-go/cmd/perplexity/root.go:196.18,198.3 1 0
github.com/diogo/perplexity-go/cmd/perplexity/root.go:199.2,201.17 2 0
github.com/diogo/perplexity-go/cmd/perplexity/root.go:201.17,206.3 4 0
github.com/diogo/perplexity-go/cmd/perplexity/root.go:208.2,210.15 2 0
github.com/diogo/perplexity-go/cmd/perplexity/root.go:210.15,213.17 2 0
github.com/diogo/perplexity-go/cmd/perplexity/root.go:213.17,216.4 2 0
github.com/diogo/perplexity-go/cmd/perplexity/root.go:218.3,220.25 3 0
github.com/diogo/perplexity-go/cmd/perplexity/root.go:220.25,221.26 1 0
github.com/diogo/perplexity-go/cmd/perplexity/root.go:221.26,222.40 1 0
github.com/diogo/perplexity-go/cmd/perplexity/root.go:222.40,225.11 3 0
github.com/diogo/perplexity-go/cmd/perplexity/root.go:228.5,229.23 2 0
github.com/diogo/perplexity-go/cmd/perplexity/root.go:233.4,233.53 1 0
github.com/diogo/perplexity-go/cmd/perplexity/root.go:233.53,235.67 1 0
github.com/diogo/perplexity-go/cmd/perplexity/root.go:235.67,237.6 1 0
github.com/diogo/perplexity-go/cmd/perplexity/root.go:238.5,239.63 2 0
github.com/diogo/perplexity-go/cmd/perplexity/root.go:240.10,240.35 1 0
github.com/diogo/perplexity-go/cmd/perplexity/root.go:240.35,243.26 2 0
github.com/diogo/perplexity-go/cmd/perplexity/root.go:243.26,245.6 1 0
github.com/diogo/perplexity-go/cmd/perplexity/root.go:245.11,245.32 1 0
github.com/diogo/perplexity-go/cmd/perplexity/root.go:245.32,247.6 1 0
github.com/diogo/perplexity-go/cmd/perplexity/root.go:250.3,253.29 2 0
github.com/diogo/perplexity-go/cmd/perplexity/root.go:253.29,254.77 1 0
github.com/diogo/perplexity-go/cmd/perplexity/root.go:254.77,257.5 1 0
github.com/diogo/perplexity-go/cmd/perplexity/root.go:261.3,261.29 1 0
github.com/diogo/perplexity-go/cmd/perplexity/root.go:261.29,263.4 1 0
github.com/diogo/perplexity-go/cmd/perplexity/root.go:265.3,265.39 1 0
github.com/diogo/perplexity-go/cmd/perplexity/root.go:266.8,269.13 2 0
github.com/diogo/perplexity-go/cmd/perplexity/root.go:269.13,271.8 2 0
github.com/diogo/perplexity-go/cmd/perplexity/root.go:271.8,272.12 1 0
github.com/diogo/perplexity-go/cmd/perplexity/root.go:273.17,275.12 2 0
github.com/diogo/perplexity-go/cmd/perplexity/root.go:276.47,278.13 2 0
github.com/diogo/perplexity-go/cmd/perplexity/root.go:283.3,286.17 3 0
github.com/diogo/perplexity-go/cmd/perplexity/root.go:286.17,287.31 1 0
github.com/diogo/perplexity-go/cmd/perplexity/root.go:287.31,290.5 2 0
github.com/diogo/perplexity-go/cmd/perplexity/root.go:291.4,292.14 2 0
github.com/diogo/perplexity-go/cmd/perplexity/root.go:295.3,295.53 1 0
github.com/diogo/perplexity-go/cmd/perplexity/root.go:295.53,298.4 2 0
github.com/diogo/perplexity-go/cmd/perplexity/root.go:299.3,299.27 1 0
github.com/diogo/perplexity-go/cmd/perplexity/root.go:303.2,303.26 1 0
github.com/diogo/perplexity-go/cmd/perplexity/root.go:303.26,304.82 1 0
github.com/diogo/perplexity-go/cmd/perplexity/root.go:304.82,306.4 1 0
github.com/diogo/perplexity-go/cmd/perplexity/root.go:306.9,308.4 1 0
github.com/diogo/perplexity-go/cmd/perplexity/root.go:312.2,312.38 1 0
github.com/diogo/perplexity-go/cmd/perplexity/root.go:312.38,314.17 2 0
github.com/diogo/perplexity-go/cmd/perplexity/root.go:314.17,321.4 1 0
github.com/diogo/perplexity-go/cmd/perplexity/root.go:324.2,324.12 1 0
github.com/diogo/perplexity-go/cmd/perplexity/root.go:327.60,338.21 7 1
github.com/diogo/perplexity-go/cmd/perplexity/root.go:338.21,340.3 1 1
github.com/diogo/perplexity-go/cmd/perplexity/root.go:341.2,341.20 1 1
github.com/diogo/perplexity-go/cmd/perplexity/root.go:341.20,343.3 1 1
github.com/diogo/perplexity-go/cmd/perplexity/root.go:344.2,344.24 1 1
github.com/diogo/perplexity-go/cmd/perplexity/root.go:344.24,346.3 1 1
github.com/diogo/perplexity-go/cmd/perplexity/root.go:347.2,347.23 1 1
github.com/diogo/perplexity-go/cmd/perplexity/root.go:347.23,350.29 3 1
github.com/diogo/perplexity-go/cmd/perplexity/root.go:350.29,352.4 1 1
github.com/diogo/perplexity-go/cmd/perplexity/root.go:354.2,354.19 1 1
github.com/diogo/perplexity-go/cmd/perplexity/root.go:354.19,356.3 1 1
github.com/diogo/perplexity-go/cmd/perplexity/root.go:358.2,358.13 1 1
github.com/diogo/perplexity-go/cmd/perplexity/root.go:361.52,362.22 1 1
github.com/diogo/perplexity-go/cmd/perplexity/root.go:362.22,364.3 1 1
github.com/diogo/perplexity-go/cmd/perplexity/root.go:365.2,365.27 1 1
github.com/diogo/perplexity-go/cmd/perplexity/root.go:370.89,371.19 1 1
github.com/diogo/perplexity-go/cmd/perplexity/root.go:371.19,373.3 1 1
github.com/diogo/perplexity-go/cmd/perplexity/root.go:376.2,376.17 1 1
github.com/diogo/perplexity-go/cmd/perplexity/root.go:376.17,378.17 2 1
github.com/diogo/perplexity-go/cmd/perplexity/root.go:378.17,380.4 1 1
github.com/diogo/perplexity-go/cmd/perplexity/root.go:381.3,381.46 1 1
github.com/diogo/perplexity-go/cmd/perplexity/root.go:384.2,384.16 1 1
github.com/diogo/perplexity-go/cmd/perplexity/root.go:389.52,391.16 2 1
github.com/diogo/perplexity-go/cmd/perplexity/root.go:391.16,393.3 1 1
github.com/diogo/perplexity-go/cmd/perplexity/root.go:394.2,395.19 2 1
github.com/diogo/perplexity-go/cmd/perplexity/root.go:395.19,397.3 1 1
github.com/diogo/perplexity-go/cmd/perplexity/root.go:398.2,398.21 1 1
github.com/diogo/perplexity-go/cmd/perplexity/version.go:20.47,26.3 5 0
